2024-9-8 22:13:33 - log: Load engine in D:\ProgramData\cocos\editors\Creator\3.8.3\resources\resources\3d\engine
2024-9-8 22:13:34 - log: Profile changed: engine (modules.includeModules: 2d,animation,audio,base,dragon-bones,gfx-webgl,gfx-webgl2,intersection-2d,meshopt,particle-2d,physics-2d-box2d,profiler,spine,tiled-map,tween,ui,video,webview)
2024-9-8 22:13:34 - log: Register native engine in D:\ProgramData\cocos\editors\Creator\3.8.3\resources\resources\3d\engine\native
2024-9-8 22:13:34 - log: Request namespace: device-list
2024-9-8 22:13:43 - info: [PreviewInEditor] 预览环境初始化完毕
2024-9-8 22:13:45 - log: [Scene] meshopt wasm decoder initialized
2024-9-8 22:13:45 - log: [Scene] [box2d]:box2d wasm lib loaded.
2024-9-8 22:13:45 - log: [Scene] [bullet]:bullet wasm lib loaded.
2024-9-8 22:13:45 - log: [Scene] [PHYSICS]: using builtin.
2024-9-8 22:13:46 - log: [Scene] Cocos Creator v3.8.3
2024-9-8 22:13:46 - info: [Scene] Forward render pipeline initialized.
2024-9-8 22:13:46 - log: [Scene] [PHYSICS2D]: switch from box2d-wasm to box2d.
2024-9-8 22:26:27 - warn: [Scene] Found possible circular reference in "pack:///chunks/c8/c8cd0e86362df7945a17acfe251e308f7e8b6938.js", happened when use "RecipesGenerate" imported from "../RecipesGenerate"  Error: 
    at Object.execute (file:///D:/ProgramData/cocos/workplace/Gourmet/temp/programming/packer-driver/targets/editor/chunks/c8/file:/D:/ProgramData/cocos/workplace/Gourmet/assets/script/Recipes/IngredientSearch/IngredientSearch.ts:30:14)
    at doExec (D:\ProgramData\cocos\editors\Creator\3.8.3\resources\app.asar\node_modules\@editor\lib-programming\static\executor\systemjs-bridge\out\index.js:517:30)
    at postOrderExec (D:\ProgramData\cocos\editors\Creator\3.8.3\resources\app.asar\node_modules\@editor\lib-programming\static\executor\systemjs-bridge\out\index.js:508:21)
    at D:\ProgramData\cocos\editors\Creator\3.8.3\resources\app.asar\node_modules\@editor\lib-programming\static\executor\systemjs-bridge\out\index.js:493:28
    at Array.forEach (<anonymous>)
    at postOrderExec (D:\ProgramData\cocos\editors\Creator\3.8.3\resources\app.asar\node_modules\@editor\lib-programming\static\executor\systemjs-bridge\out\index.js:491:10)
    at D:\ProgramData\cocos\editors\Creator\3.8.3\resources\app.asar\node_modules\@editor\lib-programming\static\executor\systemjs-bridge\out\index.js:493:28
    at Array.forEach (<anonymous>)
    at postOrderExec (D:\ProgramData\cocos\editors\Creator\3.8.3\resources\app.asar\node_modules\@editor\lib-programming\static\executor\systemjs-bridge\out\index.js:491:10)
    at D:\ProgramData\cocos\editors\Creator\3.8.3\resources\app.asar\node_modules\@editor\lib-programming\static\executor\systemjs-bridge\out\index.js:493:28Error: [Scene] Found possible circular reference in "pack:///chunks/c8/c8cd0e86362df7945a17acfe251e308f7e8b6938.js", happened when use "RecipesGenerate" imported from "../RecipesGenerate"  Error: 
    at D:\ProgramData\cocos\editors\Creator\3.8.3\resources\app.asar\node_modules\@editor\lib-programming\static\executor\systemjs-bridge\out\index.js:493:28
    at Array.forEach (<anonymous>)
    at postOrderExec (D:\ProgramData\cocos\editors\Creator\3.8.3\resources\app.asar\node_modules\@editor\lib-programming\static\executor\systemjs-bridge\out\index.js:491:10)
    at D:\ProgramData\cocos\editors\Creator\3.8.3\resources\app.asar\node_modules\@editor\lib-programming\static\executor\systemjs-bridge\out\index.js:493:28
    at Array.forEach (<anonymous>)
    at postOrderExec (D:\ProgramData\cocos\editors\Creator\3.8.3\resources\app.asar\node_modules\@editor\lib-programming\static\executor\systemjs-bridge\out\index.js:491:10)
    at D:\ProgramData\cocos\editors\Creator\3.8.3\resources\app.asar\node_modules\@editor\lib-programming\static\executor\systemjs-bridge\out\index.js:493:28
    at Logger._logHandler (D:\ProgramData\cocos\editors\Creator\3.8.3\resources\app.asar\builtin\scene\dist\script\3d\manager\startup\log.ccc:1:487)
    at Logger.record (D:\ProgramData\cocos\editors\Creator\3.8.3\resources\app.asar\node_modules\@base\electron-logger\lib\renderer.ccc:1:458)
    at console.warn (D:\ProgramData\cocos\editors\Creator\3.8.3\resources\app.asar\node_modules\@base\electron-logger\lib\renderer.ccc:1:1260)
    at Module.report (file:///D:/ProgramData/cocos/workplace/Gourmet/temp/programming/packer-driver/targets/editor/chunks/6a/cce:/internal/code-quality/cr.mjs:15:13)
    at _reportPossibleCrUseOfRecipesGenerate (file:///D:/ProgramData/cocos/workplace/Gourmet/temp/programming/packer-driver/targets/editor/chunks/c8/c8cd0e86362df7945a17acfe251e308f7e8b6938.js:13:17)
    at Object.execute (file:///D:/ProgramData/cocos/workplace/Gourmet/temp/programming/packer-driver/targets/editor/chunks/c8/file:/D:/ProgramData/cocos/workplace/Gourmet/assets/script/Recipes/IngredientSearch/IngredientSearch.ts:30:14)
    at doExec (D:\ProgramData\cocos\editors\Creator\3.8.3\resources\app.asar\node_modules\@editor\lib-programming\static\executor\systemjs-bridge\out\index.js:517:30)
    at postOrderExec (D:\ProgramData\cocos\editors\Creator\3.8.3\resources\app.asar\node_modules\@editor\lib-programming\static\executor\systemjs-bridge\out\index.js:508:21)
    at D:\ProgramData\cocos\editors\Creator\3.8.3\resources\app.asar\node_modules\@editor\lib-programming\static\executor\systemjs-bridge\out\index.js:493:28
    at Array.forEach (<anonymous>)
2024-9-8 22:26:27 - warn: [Scene] You are explicitly specifying `undefined` type to cc property "recipesGenerate" of cc class "IngredientSearch".
Is this intended? If not, this may indicate a circular reference.
For example:

 
// foo.ts
import { _decorator } from 'cc';
import { Bar } from './bar';  // Given that './bar' also reference 'foo.ts'.
                              // When importing './bar', execution of './bar' is hung on to wait execution of 'foo.ts',
                              // the `Bar` imported here is `undefined` until './bar' finish its execution.
                              // It leads to that
@_decorator.ccclass           //  ↓
export class Foo {            //  ↓
    @_decorator.type(Bar)     //  → is equivalent to `@_decorator.type(undefined)`
    public bar: Bar;          // To eliminate this error, either:
                              // - Refactor your module structure(recommended), or
                              // - specify the type as cc class name: `@_decorator.type('Bar'/* or any name you specified for `Bar` */)`
}Error: [Scene] You are explicitly specifying `undefined` type to cc property "recipesGenerate" of cc class "IngredientSearch".
Is this intended? If not, this may indicate a circular reference.
For example:

 
// foo.ts
import { _decorator } from 'cc';
import { Bar } from './bar';  // Given that './bar' also reference 'foo.ts'.
@_decorator.ccclass           //  ↓
export class Foo {            //  ↓
    @_decorator.type(Bar)     //  → is equivalent to `@_decorator.type(undefined)`
    public bar: Bar;          // To eliminate this error, either:
                              // - Refactor your module structure(recommended), or
                              // - specify the type as cc class name: `@_decorator.type('Bar'/* or any name you specified for `Bar` */)`
}
    at Logger._logHandler (D:\ProgramData\cocos\editors\Creator\3.8.3\resources\app.asar\builtin\scene\dist\script\3d\manager\startup\log.ccc:1:487)
    at Logger.record (D:\ProgramData\cocos\editors\Creator\3.8.3\resources\app.asar\node_modules\@base\electron-logger\lib\renderer.ccc:1:458)
    at console.warn (D:\ProgramData\cocos\editors\Creator\3.8.3\resources\app.asar\node_modules\@base\electron-logger\lib\renderer.ccc:1:1260)
    at warn (D:\ProgramData\cocos\editors\Creator\3.8.3\resources\resources\3d\engine\bin\.cache\dev\editor\bundled\index.js:160118:12)
    at warnID (D:\ProgramData\cocos\editors\Creator\3.8.3\resources\resources\3d\engine\bin\.cache\dev\editor\bundled\index.js:160300:5)
    at parseAttributes (D:\ProgramData\cocos\editors\Creator\3.8.3\resources\resources\3d\engine\bin\.cache\dev\editor\bundled\index.js:141172:7)
    at defineProp (D:\ProgramData\cocos\editors\Creator\3.8.3\resources\resources\3d\engine\bin\.cache\dev\editor\bundled\index.js:140919:5)
    at declareProperties (D:\ProgramData\cocos\editors\Creator\3.8.3\resources\resources\3d\engine\bin\.cache\dev\editor\bundled\index.js:141083:11)
    at CCClass (D:\ProgramData\cocos\editors\Creator\3.8.3\resources\resources\3d\engine\bin\.cache\dev\editor\bundled\index.js:141108:5)
    at eval (D:\ProgramData\cocos\editors\Creator\3.8.3\resources\resources\3d\engine\bin\.cache\dev\editor\bundled\index.js:272931:21)
2024-9-8 22:28:54 - warn: [Scene] Found possible circular reference in "pack:///chunks/c8/c8cd0e86362df7945a17acfe251e308f7e8b6938.js", happened when use "RecipesGenerate" imported from "../RecipesGenerate"  Error: 
    at Object.execute (file:///D:/ProgramData/cocos/workplace/Gourmet/temp/programming/packer-driver/targets/editor/chunks/c8/file:/D:/ProgramData/cocos/workplace/Gourmet/assets/script/Recipes/IngredientSearch/IngredientSearch.ts:30:14)
    at doExec (D:\ProgramData\cocos\editors\Creator\3.8.3\resources\app.asar\node_modules\@editor\lib-programming\static\executor\systemjs-bridge\out\index.js:517:30)
    at postOrderExec (D:\ProgramData\cocos\editors\Creator\3.8.3\resources\app.asar\node_modules\@editor\lib-programming\static\executor\systemjs-bridge\out\index.js:508:21)
    at D:\ProgramData\cocos\editors\Creator\3.8.3\resources\app.asar\node_modules\@editor\lib-programming\static\executor\systemjs-bridge\out\index.js:493:28
    at Array.forEach (<anonymous>)
    at postOrderExec (D:\ProgramData\cocos\editors\Creator\3.8.3\resources\app.asar\node_modules\@editor\lib-programming\static\executor\systemjs-bridge\out\index.js:491:10)
    at D:\ProgramData\cocos\editors\Creator\3.8.3\resources\app.asar\node_modules\@editor\lib-programming\static\executor\systemjs-bridge\out\index.js:493:28
    at Array.forEach (<anonymous>)
    at postOrderExec (D:\ProgramData\cocos\editors\Creator\3.8.3\resources\app.asar\node_modules\@editor\lib-programming\static\executor\systemjs-bridge\out\index.js:491:10)
    at D:\ProgramData\cocos\editors\Creator\3.8.3\resources\app.asar\node_modules\@editor\lib-programming\static\executor\systemjs-bridge\out\index.js:493:28Error: [Scene] Found possible circular reference in "pack:///chunks/c8/c8cd0e86362df7945a17acfe251e308f7e8b6938.js", happened when use "RecipesGenerate" imported from "../RecipesGenerate"  Error: 
    at D:\ProgramData\cocos\editors\Creator\3.8.3\resources\app.asar\node_modules\@editor\lib-programming\static\executor\systemjs-bridge\out\index.js:493:28
    at Array.forEach (<anonymous>)
    at postOrderExec (D:\ProgramData\cocos\editors\Creator\3.8.3\resources\app.asar\node_modules\@editor\lib-programming\static\executor\systemjs-bridge\out\index.js:491:10)
    at D:\ProgramData\cocos\editors\Creator\3.8.3\resources\app.asar\node_modules\@editor\lib-programming\static\executor\systemjs-bridge\out\index.js:493:28
    at Array.forEach (<anonymous>)
    at postOrderExec (D:\ProgramData\cocos\editors\Creator\3.8.3\resources\app.asar\node_modules\@editor\lib-programming\static\executor\systemjs-bridge\out\index.js:491:10)
    at D:\ProgramData\cocos\editors\Creator\3.8.3\resources\app.asar\node_modules\@editor\lib-programming\static\executor\systemjs-bridge\out\index.js:493:28
    at Logger._logHandler (D:\ProgramData\cocos\editors\Creator\3.8.3\resources\app.asar\builtin\scene\dist\script\3d\manager\startup\log.ccc:1:487)
    at Logger.record (D:\ProgramData\cocos\editors\Creator\3.8.3\resources\app.asar\node_modules\@base\electron-logger\lib\renderer.ccc:1:458)
    at console.warn (D:\ProgramData\cocos\editors\Creator\3.8.3\resources\app.asar\node_modules\@base\electron-logger\lib\renderer.ccc:1:1260)
    at Module.report (file:///D:/ProgramData/cocos/workplace/Gourmet/temp/programming/packer-driver/targets/editor/chunks/6a/cce:/internal/code-quality/cr.mjs:15:13)
    at _reportPossibleCrUseOfRecipesGenerate (file:///D:/ProgramData/cocos/workplace/Gourmet/temp/programming/packer-driver/targets/editor/chunks/c8/c8cd0e86362df7945a17acfe251e308f7e8b6938.js:13:17)
    at Object.execute (file:///D:/ProgramData/cocos/workplace/Gourmet/temp/programming/packer-driver/targets/editor/chunks/c8/file:/D:/ProgramData/cocos/workplace/Gourmet/assets/script/Recipes/IngredientSearch/IngredientSearch.ts:30:14)
    at doExec (D:\ProgramData\cocos\editors\Creator\3.8.3\resources\app.asar\node_modules\@editor\lib-programming\static\executor\systemjs-bridge\out\index.js:517:30)
    at postOrderExec (D:\ProgramData\cocos\editors\Creator\3.8.3\resources\app.asar\node_modules\@editor\lib-programming\static\executor\systemjs-bridge\out\index.js:508:21)
    at D:\ProgramData\cocos\editors\Creator\3.8.3\resources\app.asar\node_modules\@editor\lib-programming\static\executor\systemjs-bridge\out\index.js:493:28
    at Array.forEach (<anonymous>)
2024-9-8 22:28:54 - warn: [Scene] You are explicitly specifying `undefined` type to cc property "recipesGenerate" of cc class "IngredientSearch".
Is this intended? If not, this may indicate a circular reference.
For example:

 
// foo.ts
import { _decorator } from 'cc';
import { Bar } from './bar';  // Given that './bar' also reference 'foo.ts'.
                              // When importing './bar', execution of './bar' is hung on to wait execution of 'foo.ts',
                              // the `Bar` imported here is `undefined` until './bar' finish its execution.
                              // It leads to that
@_decorator.ccclass           //  ↓
export class Foo {            //  ↓
    @_decorator.type(Bar)     //  → is equivalent to `@_decorator.type(undefined)`
    public bar: Bar;          // To eliminate this error, either:
                              // - Refactor your module structure(recommended), or
                              // - specify the type as cc class name: `@_decorator.type('Bar'/* or any name you specified for `Bar` */)`
}Error: [Scene] You are explicitly specifying `undefined` type to cc property "recipesGenerate" of cc class "IngredientSearch".
Is this intended? If not, this may indicate a circular reference.
For example:

 
// foo.ts
import { _decorator } from 'cc';
import { Bar } from './bar';  // Given that './bar' also reference 'foo.ts'.
@_decorator.ccclass           //  ↓
export class Foo {            //  ↓
    @_decorator.type(Bar)     //  → is equivalent to `@_decorator.type(undefined)`
    public bar: Bar;          // To eliminate this error, either:
                              // - Refactor your module structure(recommended), or
                              // - specify the type as cc class name: `@_decorator.type('Bar'/* or any name you specified for `Bar` */)`
}
    at Logger._logHandler (D:\ProgramData\cocos\editors\Creator\3.8.3\resources\app.asar\builtin\scene\dist\script\3d\manager\startup\log.ccc:1:487)
    at Logger.record (D:\ProgramData\cocos\editors\Creator\3.8.3\resources\app.asar\node_modules\@base\electron-logger\lib\renderer.ccc:1:458)
    at console.warn (D:\ProgramData\cocos\editors\Creator\3.8.3\resources\app.asar\node_modules\@base\electron-logger\lib\renderer.ccc:1:1260)
    at warn (D:\ProgramData\cocos\editors\Creator\3.8.3\resources\resources\3d\engine\bin\.cache\dev\editor\bundled\index.js:160118:12)
    at warnID (D:\ProgramData\cocos\editors\Creator\3.8.3\resources\resources\3d\engine\bin\.cache\dev\editor\bundled\index.js:160300:5)
    at parseAttributes (D:\ProgramData\cocos\editors\Creator\3.8.3\resources\resources\3d\engine\bin\.cache\dev\editor\bundled\index.js:141172:7)
    at defineProp (D:\ProgramData\cocos\editors\Creator\3.8.3\resources\resources\3d\engine\bin\.cache\dev\editor\bundled\index.js:140919:5)
    at declareProperties (D:\ProgramData\cocos\editors\Creator\3.8.3\resources\resources\3d\engine\bin\.cache\dev\editor\bundled\index.js:141083:11)
    at CCClass (D:\ProgramData\cocos\editors\Creator\3.8.3\resources\resources\3d\engine\bin\.cache\dev\editor\bundled\index.js:141108:5)
    at eval (D:\ProgramData\cocos\editors\Creator\3.8.3\resources\resources\3d\engine\bin\.cache\dev\editor\bundled\index.js:272931:21)
2024-9-8 22:29:45 - warn: [Scene] Found possible circular reference in "pack:///chunks/c8/c8cd0e86362df7945a17acfe251e308f7e8b6938.js", happened when use "RecipesGenerate" imported from "../RecipesGenerate"  Error: 
    at Object.execute (file:///D:/ProgramData/cocos/workplace/Gourmet/temp/programming/packer-driver/targets/editor/chunks/c8/file:/D:/ProgramData/cocos/workplace/Gourmet/assets/script/Recipes/IngredientSearch/IngredientSearch.ts:30:14)
    at doExec (D:\ProgramData\cocos\editors\Creator\3.8.3\resources\app.asar\node_modules\@editor\lib-programming\static\executor\systemjs-bridge\out\index.js:517:30)
    at postOrderExec (D:\ProgramData\cocos\editors\Creator\3.8.3\resources\app.asar\node_modules\@editor\lib-programming\static\executor\systemjs-bridge\out\index.js:508:21)
    at D:\ProgramData\cocos\editors\Creator\3.8.3\resources\app.asar\node_modules\@editor\lib-programming\static\executor\systemjs-bridge\out\index.js:493:28
    at Array.forEach (<anonymous>)
    at postOrderExec (D:\ProgramData\cocos\editors\Creator\3.8.3\resources\app.asar\node_modules\@editor\lib-programming\static\executor\systemjs-bridge\out\index.js:491:10)
    at D:\ProgramData\cocos\editors\Creator\3.8.3\resources\app.asar\node_modules\@editor\lib-programming\static\executor\systemjs-bridge\out\index.js:493:28
    at Array.forEach (<anonymous>)
    at postOrderExec (D:\ProgramData\cocos\editors\Creator\3.8.3\resources\app.asar\node_modules\@editor\lib-programming\static\executor\systemjs-bridge\out\index.js:491:10)
    at D:\ProgramData\cocos\editors\Creator\3.8.3\resources\app.asar\node_modules\@editor\lib-programming\static\executor\systemjs-bridge\out\index.js:493:28Error: [Scene] Found possible circular reference in "pack:///chunks/c8/c8cd0e86362df7945a17acfe251e308f7e8b6938.js", happened when use "RecipesGenerate" imported from "../RecipesGenerate"  Error: 
    at D:\ProgramData\cocos\editors\Creator\3.8.3\resources\app.asar\node_modules\@editor\lib-programming\static\executor\systemjs-bridge\out\index.js:493:28
    at Array.forEach (<anonymous>)
    at postOrderExec (D:\ProgramData\cocos\editors\Creator\3.8.3\resources\app.asar\node_modules\@editor\lib-programming\static\executor\systemjs-bridge\out\index.js:491:10)
    at D:\ProgramData\cocos\editors\Creator\3.8.3\resources\app.asar\node_modules\@editor\lib-programming\static\executor\systemjs-bridge\out\index.js:493:28
    at Array.forEach (<anonymous>)
    at postOrderExec (D:\ProgramData\cocos\editors\Creator\3.8.3\resources\app.asar\node_modules\@editor\lib-programming\static\executor\systemjs-bridge\out\index.js:491:10)
    at D:\ProgramData\cocos\editors\Creator\3.8.3\resources\app.asar\node_modules\@editor\lib-programming\static\executor\systemjs-bridge\out\index.js:493:28
    at Logger._logHandler (D:\ProgramData\cocos\editors\Creator\3.8.3\resources\app.asar\builtin\scene\dist\script\3d\manager\startup\log.ccc:1:487)
    at Logger.record (D:\ProgramData\cocos\editors\Creator\3.8.3\resources\app.asar\node_modules\@base\electron-logger\lib\renderer.ccc:1:458)
    at console.warn (D:\ProgramData\cocos\editors\Creator\3.8.3\resources\app.asar\node_modules\@base\electron-logger\lib\renderer.ccc:1:1260)
    at Module.report (file:///D:/ProgramData/cocos/workplace/Gourmet/temp/programming/packer-driver/targets/editor/chunks/6a/cce:/internal/code-quality/cr.mjs:15:13)
    at _reportPossibleCrUseOfRecipesGenerate (file:///D:/ProgramData/cocos/workplace/Gourmet/temp/programming/packer-driver/targets/editor/chunks/c8/c8cd0e86362df7945a17acfe251e308f7e8b6938.js:13:17)
    at Object.execute (file:///D:/ProgramData/cocos/workplace/Gourmet/temp/programming/packer-driver/targets/editor/chunks/c8/file:/D:/ProgramData/cocos/workplace/Gourmet/assets/script/Recipes/IngredientSearch/IngredientSearch.ts:30:14)
    at doExec (D:\ProgramData\cocos\editors\Creator\3.8.3\resources\app.asar\node_modules\@editor\lib-programming\static\executor\systemjs-bridge\out\index.js:517:30)
    at postOrderExec (D:\ProgramData\cocos\editors\Creator\3.8.3\resources\app.asar\node_modules\@editor\lib-programming\static\executor\systemjs-bridge\out\index.js:508:21)
    at D:\ProgramData\cocos\editors\Creator\3.8.3\resources\app.asar\node_modules\@editor\lib-programming\static\executor\systemjs-bridge\out\index.js:493:28
    at Array.forEach (<anonymous>)
2024-9-8 22:29:45 - warn: [Scene] You are explicitly specifying `undefined` type to cc property "recipesGenerate" of cc class "IngredientSearch".
Is this intended? If not, this may indicate a circular reference.
For example:

 
// foo.ts
import { _decorator } from 'cc';
import { Bar } from './bar';  // Given that './bar' also reference 'foo.ts'.
                              // When importing './bar', execution of './bar' is hung on to wait execution of 'foo.ts',
                              // the `Bar` imported here is `undefined` until './bar' finish its execution.
                              // It leads to that
@_decorator.ccclass           //  ↓
export class Foo {            //  ↓
    @_decorator.type(Bar)     //  → is equivalent to `@_decorator.type(undefined)`
    public bar: Bar;          // To eliminate this error, either:
                              // - Refactor your module structure(recommended), or
                              // - specify the type as cc class name: `@_decorator.type('Bar'/* or any name you specified for `Bar` */)`
}Error: [Scene] You are explicitly specifying `undefined` type to cc property "recipesGenerate" of cc class "IngredientSearch".
Is this intended? If not, this may indicate a circular reference.
For example:

 
// foo.ts
import { _decorator } from 'cc';
import { Bar } from './bar';  // Given that './bar' also reference 'foo.ts'.
@_decorator.ccclass           //  ↓
export class Foo {            //  ↓
    @_decorator.type(Bar)     //  → is equivalent to `@_decorator.type(undefined)`
    public bar: Bar;          // To eliminate this error, either:
                              // - Refactor your module structure(recommended), or
                              // - specify the type as cc class name: `@_decorator.type('Bar'/* or any name you specified for `Bar` */)`
}
    at Logger._logHandler (D:\ProgramData\cocos\editors\Creator\3.8.3\resources\app.asar\builtin\scene\dist\script\3d\manager\startup\log.ccc:1:487)
    at Logger.record (D:\ProgramData\cocos\editors\Creator\3.8.3\resources\app.asar\node_modules\@base\electron-logger\lib\renderer.ccc:1:458)
    at console.warn (D:\ProgramData\cocos\editors\Creator\3.8.3\resources\app.asar\node_modules\@base\electron-logger\lib\renderer.ccc:1:1260)
    at warn (D:\ProgramData\cocos\editors\Creator\3.8.3\resources\resources\3d\engine\bin\.cache\dev\editor\bundled\index.js:160118:12)
    at warnID (D:\ProgramData\cocos\editors\Creator\3.8.3\resources\resources\3d\engine\bin\.cache\dev\editor\bundled\index.js:160300:5)
    at parseAttributes (D:\ProgramData\cocos\editors\Creator\3.8.3\resources\resources\3d\engine\bin\.cache\dev\editor\bundled\index.js:141172:7)
    at defineProp (D:\ProgramData\cocos\editors\Creator\3.8.3\resources\resources\3d\engine\bin\.cache\dev\editor\bundled\index.js:140919:5)
    at declareProperties (D:\ProgramData\cocos\editors\Creator\3.8.3\resources\resources\3d\engine\bin\.cache\dev\editor\bundled\index.js:141083:11)
    at CCClass (D:\ProgramData\cocos\editors\Creator\3.8.3\resources\resources\3d\engine\bin\.cache\dev\editor\bundled\index.js:141108:5)
    at eval (D:\ProgramData\cocos\editors\Creator\3.8.3\resources\resources\3d\engine\bin\.cache\dev\editor\bundled\index.js:272931:21)
2024-9-8 22:30:15 - warn: [Scene] Found possible circular reference in "pack:///chunks/c8/c8cd0e86362df7945a17acfe251e308f7e8b6938.js", happened when use "RecipesGenerate" imported from "../RecipesGenerate"  Error: 
    at Object.execute (file:///D:/ProgramData/cocos/workplace/Gourmet/temp/programming/packer-driver/targets/editor/chunks/c8/file:/D:/ProgramData/cocos/workplace/Gourmet/assets/script/Recipes/IngredientSearch/IngredientSearch.ts:30:14)
    at doExec (D:\ProgramData\cocos\editors\Creator\3.8.3\resources\app.asar\node_modules\@editor\lib-programming\static\executor\systemjs-bridge\out\index.js:517:30)
    at postOrderExec (D:\ProgramData\cocos\editors\Creator\3.8.3\resources\app.asar\node_modules\@editor\lib-programming\static\executor\systemjs-bridge\out\index.js:508:21)
    at D:\ProgramData\cocos\editors\Creator\3.8.3\resources\app.asar\node_modules\@editor\lib-programming\static\executor\systemjs-bridge\out\index.js:493:28
    at Array.forEach (<anonymous>)
    at postOrderExec (D:\ProgramData\cocos\editors\Creator\3.8.3\resources\app.asar\node_modules\@editor\lib-programming\static\executor\systemjs-bridge\out\index.js:491:10)
    at D:\ProgramData\cocos\editors\Creator\3.8.3\resources\app.asar\node_modules\@editor\lib-programming\static\executor\systemjs-bridge\out\index.js:493:28
    at Array.forEach (<anonymous>)
    at postOrderExec (D:\ProgramData\cocos\editors\Creator\3.8.3\resources\app.asar\node_modules\@editor\lib-programming\static\executor\systemjs-bridge\out\index.js:491:10)
    at D:\ProgramData\cocos\editors\Creator\3.8.3\resources\app.asar\node_modules\@editor\lib-programming\static\executor\systemjs-bridge\out\index.js:493:28Error: [Scene] Found possible circular reference in "pack:///chunks/c8/c8cd0e86362df7945a17acfe251e308f7e8b6938.js", happened when use "RecipesGenerate" imported from "../RecipesGenerate"  Error: 
    at D:\ProgramData\cocos\editors\Creator\3.8.3\resources\app.asar\node_modules\@editor\lib-programming\static\executor\systemjs-bridge\out\index.js:493:28
    at Array.forEach (<anonymous>)
    at postOrderExec (D:\ProgramData\cocos\editors\Creator\3.8.3\resources\app.asar\node_modules\@editor\lib-programming\static\executor\systemjs-bridge\out\index.js:491:10)
    at D:\ProgramData\cocos\editors\Creator\3.8.3\resources\app.asar\node_modules\@editor\lib-programming\static\executor\systemjs-bridge\out\index.js:493:28
    at Array.forEach (<anonymous>)
    at postOrderExec (D:\ProgramData\cocos\editors\Creator\3.8.3\resources\app.asar\node_modules\@editor\lib-programming\static\executor\systemjs-bridge\out\index.js:491:10)
    at D:\ProgramData\cocos\editors\Creator\3.8.3\resources\app.asar\node_modules\@editor\lib-programming\static\executor\systemjs-bridge\out\index.js:493:28
    at Logger._logHandler (D:\ProgramData\cocos\editors\Creator\3.8.3\resources\app.asar\builtin\scene\dist\script\3d\manager\startup\log.ccc:1:487)
    at Logger.record (D:\ProgramData\cocos\editors\Creator\3.8.3\resources\app.asar\node_modules\@base\electron-logger\lib\renderer.ccc:1:458)
    at console.warn (D:\ProgramData\cocos\editors\Creator\3.8.3\resources\app.asar\node_modules\@base\electron-logger\lib\renderer.ccc:1:1260)
    at Module.report (file:///D:/ProgramData/cocos/workplace/Gourmet/temp/programming/packer-driver/targets/editor/chunks/6a/cce:/internal/code-quality/cr.mjs:15:13)
    at _reportPossibleCrUseOfRecipesGenerate (file:///D:/ProgramData/cocos/workplace/Gourmet/temp/programming/packer-driver/targets/editor/chunks/c8/c8cd0e86362df7945a17acfe251e308f7e8b6938.js:13:17)
    at Object.execute (file:///D:/ProgramData/cocos/workplace/Gourmet/temp/programming/packer-driver/targets/editor/chunks/c8/file:/D:/ProgramData/cocos/workplace/Gourmet/assets/script/Recipes/IngredientSearch/IngredientSearch.ts:30:14)
    at doExec (D:\ProgramData\cocos\editors\Creator\3.8.3\resources\app.asar\node_modules\@editor\lib-programming\static\executor\systemjs-bridge\out\index.js:517:30)
    at postOrderExec (D:\ProgramData\cocos\editors\Creator\3.8.3\resources\app.asar\node_modules\@editor\lib-programming\static\executor\systemjs-bridge\out\index.js:508:21)
    at D:\ProgramData\cocos\editors\Creator\3.8.3\resources\app.asar\node_modules\@editor\lib-programming\static\executor\systemjs-bridge\out\index.js:493:28
    at Array.forEach (<anonymous>)
2024-9-8 22:30:15 - warn: [Scene] You are explicitly specifying `undefined` type to cc property "recipesGenerate" of cc class "IngredientSearch".
Is this intended? If not, this may indicate a circular reference.
For example:

 
// foo.ts
import { _decorator } from 'cc';
import { Bar } from './bar';  // Given that './bar' also reference 'foo.ts'.
                              // When importing './bar', execution of './bar' is hung on to wait execution of 'foo.ts',
                              // the `Bar` imported here is `undefined` until './bar' finish its execution.
                              // It leads to that
@_decorator.ccclass           //  ↓
export class Foo {            //  ↓
    @_decorator.type(Bar)     //  → is equivalent to `@_decorator.type(undefined)`
    public bar: Bar;          // To eliminate this error, either:
                              // - Refactor your module structure(recommended), or
                              // - specify the type as cc class name: `@_decorator.type('Bar'/* or any name you specified for `Bar` */)`
}Error: [Scene] You are explicitly specifying `undefined` type to cc property "recipesGenerate" of cc class "IngredientSearch".
Is this intended? If not, this may indicate a circular reference.
For example:

 
// foo.ts
import { _decorator } from 'cc';
import { Bar } from './bar';  // Given that './bar' also reference 'foo.ts'.
@_decorator.ccclass           //  ↓
export class Foo {            //  ↓
    @_decorator.type(Bar)     //  → is equivalent to `@_decorator.type(undefined)`
    public bar: Bar;          // To eliminate this error, either:
                              // - Refactor your module structure(recommended), or
                              // - specify the type as cc class name: `@_decorator.type('Bar'/* or any name you specified for `Bar` */)`
}
    at Logger._logHandler (D:\ProgramData\cocos\editors\Creator\3.8.3\resources\app.asar\builtin\scene\dist\script\3d\manager\startup\log.ccc:1:487)
    at Logger.record (D:\ProgramData\cocos\editors\Creator\3.8.3\resources\app.asar\node_modules\@base\electron-logger\lib\renderer.ccc:1:458)
    at console.warn (D:\ProgramData\cocos\editors\Creator\3.8.3\resources\app.asar\node_modules\@base\electron-logger\lib\renderer.ccc:1:1260)
    at warn (D:\ProgramData\cocos\editors\Creator\3.8.3\resources\resources\3d\engine\bin\.cache\dev\editor\bundled\index.js:160118:12)
    at warnID (D:\ProgramData\cocos\editors\Creator\3.8.3\resources\resources\3d\engine\bin\.cache\dev\editor\bundled\index.js:160300:5)
    at parseAttributes (D:\ProgramData\cocos\editors\Creator\3.8.3\resources\resources\3d\engine\bin\.cache\dev\editor\bundled\index.js:141172:7)
    at defineProp (D:\ProgramData\cocos\editors\Creator\3.8.3\resources\resources\3d\engine\bin\.cache\dev\editor\bundled\index.js:140919:5)
    at declareProperties (D:\ProgramData\cocos\editors\Creator\3.8.3\resources\resources\3d\engine\bin\.cache\dev\editor\bundled\index.js:141083:11)
    at CCClass (D:\ProgramData\cocos\editors\Creator\3.8.3\resources\resources\3d\engine\bin\.cache\dev\editor\bundled\index.js:141108:5)
    at eval (D:\ProgramData\cocos\editors\Creator\3.8.3\resources\resources\3d\engine\bin\.cache\dev\editor\bundled\index.js:272931:21)
2024-9-8 22:31:58 - warn: [Scene] Found possible circular reference in "pack:///chunks/c8/c8cd0e86362df7945a17acfe251e308f7e8b6938.js", happened when use "RecipesGenerate" imported from "../RecipesGenerate"  Error: 
    at Object.execute (file:///D:/ProgramData/cocos/workplace/Gourmet/temp/programming/packer-driver/targets/editor/chunks/c8/file:/D:/ProgramData/cocos/workplace/Gourmet/assets/script/Recipes/IngredientSearch/IngredientSearch.ts:30:14)
    at doExec (D:\ProgramData\cocos\editors\Creator\3.8.3\resources\app.asar\node_modules\@editor\lib-programming\static\executor\systemjs-bridge\out\index.js:517:30)
    at postOrderExec (D:\ProgramData\cocos\editors\Creator\3.8.3\resources\app.asar\node_modules\@editor\lib-programming\static\executor\systemjs-bridge\out\index.js:508:21)
    at D:\ProgramData\cocos\editors\Creator\3.8.3\resources\app.asar\node_modules\@editor\lib-programming\static\executor\systemjs-bridge\out\index.js:493:28
    at Array.forEach (<anonymous>)
    at postOrderExec (D:\ProgramData\cocos\editors\Creator\3.8.3\resources\app.asar\node_modules\@editor\lib-programming\static\executor\systemjs-bridge\out\index.js:491:10)
    at D:\ProgramData\cocos\editors\Creator\3.8.3\resources\app.asar\node_modules\@editor\lib-programming\static\executor\systemjs-bridge\out\index.js:493:28
    at Array.forEach (<anonymous>)
    at postOrderExec (D:\ProgramData\cocos\editors\Creator\3.8.3\resources\app.asar\node_modules\@editor\lib-programming\static\executor\systemjs-bridge\out\index.js:491:10)
    at D:\ProgramData\cocos\editors\Creator\3.8.3\resources\app.asar\node_modules\@editor\lib-programming\static\executor\systemjs-bridge\out\index.js:493:28Error: [Scene] Found possible circular reference in "pack:///chunks/c8/c8cd0e86362df7945a17acfe251e308f7e8b6938.js", happened when use "RecipesGenerate" imported from "../RecipesGenerate"  Error: 
    at D:\ProgramData\cocos\editors\Creator\3.8.3\resources\app.asar\node_modules\@editor\lib-programming\static\executor\systemjs-bridge\out\index.js:493:28
    at Array.forEach (<anonymous>)
    at postOrderExec (D:\ProgramData\cocos\editors\Creator\3.8.3\resources\app.asar\node_modules\@editor\lib-programming\static\executor\systemjs-bridge\out\index.js:491:10)
    at D:\ProgramData\cocos\editors\Creator\3.8.3\resources\app.asar\node_modules\@editor\lib-programming\static\executor\systemjs-bridge\out\index.js:493:28
    at Array.forEach (<anonymous>)
    at postOrderExec (D:\ProgramData\cocos\editors\Creator\3.8.3\resources\app.asar\node_modules\@editor\lib-programming\static\executor\systemjs-bridge\out\index.js:491:10)
    at D:\ProgramData\cocos\editors\Creator\3.8.3\resources\app.asar\node_modules\@editor\lib-programming\static\executor\systemjs-bridge\out\index.js:493:28
    at Logger._logHandler (D:\ProgramData\cocos\editors\Creator\3.8.3\resources\app.asar\builtin\scene\dist\script\3d\manager\startup\log.ccc:1:487)
    at Logger.record (D:\ProgramData\cocos\editors\Creator\3.8.3\resources\app.asar\node_modules\@base\electron-logger\lib\renderer.ccc:1:458)
    at console.warn (D:\ProgramData\cocos\editors\Creator\3.8.3\resources\app.asar\node_modules\@base\electron-logger\lib\renderer.ccc:1:1260)
    at Module.report (file:///D:/ProgramData/cocos/workplace/Gourmet/temp/programming/packer-driver/targets/editor/chunks/6a/cce:/internal/code-quality/cr.mjs:15:13)
    at _reportPossibleCrUseOfRecipesGenerate (file:///D:/ProgramData/cocos/workplace/Gourmet/temp/programming/packer-driver/targets/editor/chunks/c8/c8cd0e86362df7945a17acfe251e308f7e8b6938.js:13:17)
    at Object.execute (file:///D:/ProgramData/cocos/workplace/Gourmet/temp/programming/packer-driver/targets/editor/chunks/c8/file:/D:/ProgramData/cocos/workplace/Gourmet/assets/script/Recipes/IngredientSearch/IngredientSearch.ts:30:14)
    at doExec (D:\ProgramData\cocos\editors\Creator\3.8.3\resources\app.asar\node_modules\@editor\lib-programming\static\executor\systemjs-bridge\out\index.js:517:30)
    at postOrderExec (D:\ProgramData\cocos\editors\Creator\3.8.3\resources\app.asar\node_modules\@editor\lib-programming\static\executor\systemjs-bridge\out\index.js:508:21)
    at D:\ProgramData\cocos\editors\Creator\3.8.3\resources\app.asar\node_modules\@editor\lib-programming\static\executor\systemjs-bridge\out\index.js:493:28
    at Array.forEach (<anonymous>)
2024-9-8 22:31:58 - warn: [Scene] You are explicitly specifying `undefined` type to cc property "recipesGenerate" of cc class "IngredientSearch".
Is this intended? If not, this may indicate a circular reference.
For example:

 
// foo.ts
import { _decorator } from 'cc';
import { Bar } from './bar';  // Given that './bar' also reference 'foo.ts'.
                              // When importing './bar', execution of './bar' is hung on to wait execution of 'foo.ts',
                              // the `Bar` imported here is `undefined` until './bar' finish its execution.
                              // It leads to that
@_decorator.ccclass           //  ↓
export class Foo {            //  ↓
    @_decorator.type(Bar)     //  → is equivalent to `@_decorator.type(undefined)`
    public bar: Bar;          // To eliminate this error, either:
                              // - Refactor your module structure(recommended), or
                              // - specify the type as cc class name: `@_decorator.type('Bar'/* or any name you specified for `Bar` */)`
}Error: [Scene] You are explicitly specifying `undefined` type to cc property "recipesGenerate" of cc class "IngredientSearch".
Is this intended? If not, this may indicate a circular reference.
For example:

 
// foo.ts
import { _decorator } from 'cc';
import { Bar } from './bar';  // Given that './bar' also reference 'foo.ts'.
@_decorator.ccclass           //  ↓
export class Foo {            //  ↓
    @_decorator.type(Bar)     //  → is equivalent to `@_decorator.type(undefined)`
    public bar: Bar;          // To eliminate this error, either:
                              // - Refactor your module structure(recommended), or
                              // - specify the type as cc class name: `@_decorator.type('Bar'/* or any name you specified for `Bar` */)`
}
    at Logger._logHandler (D:\ProgramData\cocos\editors\Creator\3.8.3\resources\app.asar\builtin\scene\dist\script\3d\manager\startup\log.ccc:1:487)
    at Logger.record (D:\ProgramData\cocos\editors\Creator\3.8.3\resources\app.asar\node_modules\@base\electron-logger\lib\renderer.ccc:1:458)
    at console.warn (D:\ProgramData\cocos\editors\Creator\3.8.3\resources\app.asar\node_modules\@base\electron-logger\lib\renderer.ccc:1:1260)
    at warn (D:\ProgramData\cocos\editors\Creator\3.8.3\resources\resources\3d\engine\bin\.cache\dev\editor\bundled\index.js:160118:12)
    at warnID (D:\ProgramData\cocos\editors\Creator\3.8.3\resources\resources\3d\engine\bin\.cache\dev\editor\bundled\index.js:160300:5)
    at parseAttributes (D:\ProgramData\cocos\editors\Creator\3.8.3\resources\resources\3d\engine\bin\.cache\dev\editor\bundled\index.js:141172:7)
    at defineProp (D:\ProgramData\cocos\editors\Creator\3.8.3\resources\resources\3d\engine\bin\.cache\dev\editor\bundled\index.js:140919:5)
    at declareProperties (D:\ProgramData\cocos\editors\Creator\3.8.3\resources\resources\3d\engine\bin\.cache\dev\editor\bundled\index.js:141083:11)
    at CCClass (D:\ProgramData\cocos\editors\Creator\3.8.3\resources\resources\3d\engine\bin\.cache\dev\editor\bundled\index.js:141108:5)
    at eval (D:\ProgramData\cocos\editors\Creator\3.8.3\resources\resources\3d\engine\bin\.cache\dev\editor\bundled\index.js:272931:21)
2024-9-8 22:32:43 - warn: [Scene] Found possible circular reference in "pack:///chunks/c8/c8cd0e86362df7945a17acfe251e308f7e8b6938.js", happened when use "RecipesGenerate" imported from "../RecipesGenerate"  Error: 
    at Object.execute (file:///D:/ProgramData/cocos/workplace/Gourmet/temp/programming/packer-driver/targets/editor/chunks/c8/file:/D:/ProgramData/cocos/workplace/Gourmet/assets/script/Recipes/IngredientSearch/IngredientSearch.ts:30:14)
    at doExec (D:\ProgramData\cocos\editors\Creator\3.8.3\resources\app.asar\node_modules\@editor\lib-programming\static\executor\systemjs-bridge\out\index.js:517:30)
    at postOrderExec (D:\ProgramData\cocos\editors\Creator\3.8.3\resources\app.asar\node_modules\@editor\lib-programming\static\executor\systemjs-bridge\out\index.js:508:21)
    at D:\ProgramData\cocos\editors\Creator\3.8.3\resources\app.asar\node_modules\@editor\lib-programming\static\executor\systemjs-bridge\out\index.js:493:28
    at Array.forEach (<anonymous>)
    at postOrderExec (D:\ProgramData\cocos\editors\Creator\3.8.3\resources\app.asar\node_modules\@editor\lib-programming\static\executor\systemjs-bridge\out\index.js:491:10)
    at D:\ProgramData\cocos\editors\Creator\3.8.3\resources\app.asar\node_modules\@editor\lib-programming\static\executor\systemjs-bridge\out\index.js:493:28
    at Array.forEach (<anonymous>)
    at postOrderExec (D:\ProgramData\cocos\editors\Creator\3.8.3\resources\app.asar\node_modules\@editor\lib-programming\static\executor\systemjs-bridge\out\index.js:491:10)
    at D:\ProgramData\cocos\editors\Creator\3.8.3\resources\app.asar\node_modules\@editor\lib-programming\static\executor\systemjs-bridge\out\index.js:493:28Error: [Scene] Found possible circular reference in "pack:///chunks/c8/c8cd0e86362df7945a17acfe251e308f7e8b6938.js", happened when use "RecipesGenerate" imported from "../RecipesGenerate"  Error: 
    at D:\ProgramData\cocos\editors\Creator\3.8.3\resources\app.asar\node_modules\@editor\lib-programming\static\executor\systemjs-bridge\out\index.js:493:28
    at Array.forEach (<anonymous>)
    at postOrderExec (D:\ProgramData\cocos\editors\Creator\3.8.3\resources\app.asar\node_modules\@editor\lib-programming\static\executor\systemjs-bridge\out\index.js:491:10)
    at D:\ProgramData\cocos\editors\Creator\3.8.3\resources\app.asar\node_modules\@editor\lib-programming\static\executor\systemjs-bridge\out\index.js:493:28
    at Array.forEach (<anonymous>)
    at postOrderExec (D:\ProgramData\cocos\editors\Creator\3.8.3\resources\app.asar\node_modules\@editor\lib-programming\static\executor\systemjs-bridge\out\index.js:491:10)
    at D:\ProgramData\cocos\editors\Creator\3.8.3\resources\app.asar\node_modules\@editor\lib-programming\static\executor\systemjs-bridge\out\index.js:493:28
    at Logger._logHandler (D:\ProgramData\cocos\editors\Creator\3.8.3\resources\app.asar\builtin\scene\dist\script\3d\manager\startup\log.ccc:1:487)
    at Logger.record (D:\ProgramData\cocos\editors\Creator\3.8.3\resources\app.asar\node_modules\@base\electron-logger\lib\renderer.ccc:1:458)
    at console.warn (D:\ProgramData\cocos\editors\Creator\3.8.3\resources\app.asar\node_modules\@base\electron-logger\lib\renderer.ccc:1:1260)
    at Module.report (file:///D:/ProgramData/cocos/workplace/Gourmet/temp/programming/packer-driver/targets/editor/chunks/6a/cce:/internal/code-quality/cr.mjs:15:13)
    at _reportPossibleCrUseOfRecipesGenerate (file:///D:/ProgramData/cocos/workplace/Gourmet/temp/programming/packer-driver/targets/editor/chunks/c8/c8cd0e86362df7945a17acfe251e308f7e8b6938.js:13:17)
    at Object.execute (file:///D:/ProgramData/cocos/workplace/Gourmet/temp/programming/packer-driver/targets/editor/chunks/c8/file:/D:/ProgramData/cocos/workplace/Gourmet/assets/script/Recipes/IngredientSearch/IngredientSearch.ts:30:14)
    at doExec (D:\ProgramData\cocos\editors\Creator\3.8.3\resources\app.asar\node_modules\@editor\lib-programming\static\executor\systemjs-bridge\out\index.js:517:30)
    at postOrderExec (D:\ProgramData\cocos\editors\Creator\3.8.3\resources\app.asar\node_modules\@editor\lib-programming\static\executor\systemjs-bridge\out\index.js:508:21)
    at D:\ProgramData\cocos\editors\Creator\3.8.3\resources\app.asar\node_modules\@editor\lib-programming\static\executor\systemjs-bridge\out\index.js:493:28
    at Array.forEach (<anonymous>)
2024-9-8 22:32:43 - warn: [Scene] You are explicitly specifying `undefined` type to cc property "recipesGenerate" of cc class "IngredientSearch".
Is this intended? If not, this may indicate a circular reference.
For example:

 
// foo.ts
import { _decorator } from 'cc';
import { Bar } from './bar';  // Given that './bar' also reference 'foo.ts'.
                              // When importing './bar', execution of './bar' is hung on to wait execution of 'foo.ts',
                              // the `Bar` imported here is `undefined` until './bar' finish its execution.
                              // It leads to that
@_decorator.ccclass           //  ↓
export class Foo {            //  ↓
    @_decorator.type(Bar)     //  → is equivalent to `@_decorator.type(undefined)`
    public bar: Bar;          // To eliminate this error, either:
                              // - Refactor your module structure(recommended), or
                              // - specify the type as cc class name: `@_decorator.type('Bar'/* or any name you specified for `Bar` */)`
}Error: [Scene] You are explicitly specifying `undefined` type to cc property "recipesGenerate" of cc class "IngredientSearch".
Is this intended? If not, this may indicate a circular reference.
For example:

 
// foo.ts
import { _decorator } from 'cc';
import { Bar } from './bar';  // Given that './bar' also reference 'foo.ts'.
@_decorator.ccclass           //  ↓
export class Foo {            //  ↓
    @_decorator.type(Bar)     //  → is equivalent to `@_decorator.type(undefined)`
    public bar: Bar;          // To eliminate this error, either:
                              // - Refactor your module structure(recommended), or
                              // - specify the type as cc class name: `@_decorator.type('Bar'/* or any name you specified for `Bar` */)`
}
    at Logger._logHandler (D:\ProgramData\cocos\editors\Creator\3.8.3\resources\app.asar\builtin\scene\dist\script\3d\manager\startup\log.ccc:1:487)
    at Logger.record (D:\ProgramData\cocos\editors\Creator\3.8.3\resources\app.asar\node_modules\@base\electron-logger\lib\renderer.ccc:1:458)
    at console.warn (D:\ProgramData\cocos\editors\Creator\3.8.3\resources\app.asar\node_modules\@base\electron-logger\lib\renderer.ccc:1:1260)
    at warn (D:\ProgramData\cocos\editors\Creator\3.8.3\resources\resources\3d\engine\bin\.cache\dev\editor\bundled\index.js:160118:12)
    at warnID (D:\ProgramData\cocos\editors\Creator\3.8.3\resources\resources\3d\engine\bin\.cache\dev\editor\bundled\index.js:160300:5)
    at parseAttributes (D:\ProgramData\cocos\editors\Creator\3.8.3\resources\resources\3d\engine\bin\.cache\dev\editor\bundled\index.js:141172:7)
    at defineProp (D:\ProgramData\cocos\editors\Creator\3.8.3\resources\resources\3d\engine\bin\.cache\dev\editor\bundled\index.js:140919:5)
    at declareProperties (D:\ProgramData\cocos\editors\Creator\3.8.3\resources\resources\3d\engine\bin\.cache\dev\editor\bundled\index.js:141083:11)
    at CCClass (D:\ProgramData\cocos\editors\Creator\3.8.3\resources\resources\3d\engine\bin\.cache\dev\editor\bundled\index.js:141108:5)
    at eval (D:\ProgramData\cocos\editors\Creator\3.8.3\resources\resources\3d\engine\bin\.cache\dev\editor\bundled\index.js:272931:21)
2024-9-8 22:33:29 - warn: [Scene] Found possible circular reference in "pack:///chunks/c8/c8cd0e86362df7945a17acfe251e308f7e8b6938.js", happened when use "RecipesGenerate" imported from "../RecipesGenerate"  Error: 
    at Object.execute (file:///D:/ProgramData/cocos/workplace/Gourmet/temp/programming/packer-driver/targets/editor/chunks/c8/file:/D:/ProgramData/cocos/workplace/Gourmet/assets/script/Recipes/IngredientSearch/IngredientSearch.ts:30:14)
    at doExec (D:\ProgramData\cocos\editors\Creator\3.8.3\resources\app.asar\node_modules\@editor\lib-programming\static\executor\systemjs-bridge\out\index.js:517:30)
    at postOrderExec (D:\ProgramData\cocos\editors\Creator\3.8.3\resources\app.asar\node_modules\@editor\lib-programming\static\executor\systemjs-bridge\out\index.js:508:21)
    at D:\ProgramData\cocos\editors\Creator\3.8.3\resources\app.asar\node_modules\@editor\lib-programming\static\executor\systemjs-bridge\out\index.js:493:28
    at Array.forEach (<anonymous>)
    at postOrderExec (D:\ProgramData\cocos\editors\Creator\3.8.3\resources\app.asar\node_modules\@editor\lib-programming\static\executor\systemjs-bridge\out\index.js:491:10)
    at D:\ProgramData\cocos\editors\Creator\3.8.3\resources\app.asar\node_modules\@editor\lib-programming\static\executor\systemjs-bridge\out\index.js:493:28
    at Array.forEach (<anonymous>)
    at postOrderExec (D:\ProgramData\cocos\editors\Creator\3.8.3\resources\app.asar\node_modules\@editor\lib-programming\static\executor\systemjs-bridge\out\index.js:491:10)
    at D:\ProgramData\cocos\editors\Creator\3.8.3\resources\app.asar\node_modules\@editor\lib-programming\static\executor\systemjs-bridge\out\index.js:493:28Error: [Scene] Found possible circular reference in "pack:///chunks/c8/c8cd0e86362df7945a17acfe251e308f7e8b6938.js", happened when use "RecipesGenerate" imported from "../RecipesGenerate"  Error: 
    at D:\ProgramData\cocos\editors\Creator\3.8.3\resources\app.asar\node_modules\@editor\lib-programming\static\executor\systemjs-bridge\out\index.js:493:28
    at Array.forEach (<anonymous>)
    at postOrderExec (D:\ProgramData\cocos\editors\Creator\3.8.3\resources\app.asar\node_modules\@editor\lib-programming\static\executor\systemjs-bridge\out\index.js:491:10)
    at D:\ProgramData\cocos\editors\Creator\3.8.3\resources\app.asar\node_modules\@editor\lib-programming\static\executor\systemjs-bridge\out\index.js:493:28
    at Array.forEach (<anonymous>)
    at postOrderExec (D:\ProgramData\cocos\editors\Creator\3.8.3\resources\app.asar\node_modules\@editor\lib-programming\static\executor\systemjs-bridge\out\index.js:491:10)
    at D:\ProgramData\cocos\editors\Creator\3.8.3\resources\app.asar\node_modules\@editor\lib-programming\static\executor\systemjs-bridge\out\index.js:493:28
    at Logger._logHandler (D:\ProgramData\cocos\editors\Creator\3.8.3\resources\app.asar\builtin\scene\dist\script\3d\manager\startup\log.ccc:1:487)
    at Logger.record (D:\ProgramData\cocos\editors\Creator\3.8.3\resources\app.asar\node_modules\@base\electron-logger\lib\renderer.ccc:1:458)
    at console.warn (D:\ProgramData\cocos\editors\Creator\3.8.3\resources\app.asar\node_modules\@base\electron-logger\lib\renderer.ccc:1:1260)
    at Module.report (file:///D:/ProgramData/cocos/workplace/Gourmet/temp/programming/packer-driver/targets/editor/chunks/6a/cce:/internal/code-quality/cr.mjs:15:13)
    at _reportPossibleCrUseOfRecipesGenerate (file:///D:/ProgramData/cocos/workplace/Gourmet/temp/programming/packer-driver/targets/editor/chunks/c8/c8cd0e86362df7945a17acfe251e308f7e8b6938.js:13:17)
    at Object.execute (file:///D:/ProgramData/cocos/workplace/Gourmet/temp/programming/packer-driver/targets/editor/chunks/c8/file:/D:/ProgramData/cocos/workplace/Gourmet/assets/script/Recipes/IngredientSearch/IngredientSearch.ts:30:14)
    at doExec (D:\ProgramData\cocos\editors\Creator\3.8.3\resources\app.asar\node_modules\@editor\lib-programming\static\executor\systemjs-bridge\out\index.js:517:30)
    at postOrderExec (D:\ProgramData\cocos\editors\Creator\3.8.3\resources\app.asar\node_modules\@editor\lib-programming\static\executor\systemjs-bridge\out\index.js:508:21)
    at D:\ProgramData\cocos\editors\Creator\3.8.3\resources\app.asar\node_modules\@editor\lib-programming\static\executor\systemjs-bridge\out\index.js:493:28
    at Array.forEach (<anonymous>)
2024-9-8 22:33:29 - warn: [Scene] You are explicitly specifying `undefined` type to cc property "recipesGenerate" of cc class "IngredientSearch".
Is this intended? If not, this may indicate a circular reference.
For example:

 
// foo.ts
import { _decorator } from 'cc';
import { Bar } from './bar';  // Given that './bar' also reference 'foo.ts'.
                              // When importing './bar', execution of './bar' is hung on to wait execution of 'foo.ts',
                              // the `Bar` imported here is `undefined` until './bar' finish its execution.
                              // It leads to that
@_decorator.ccclass           //  ↓
export class Foo {            //  ↓
    @_decorator.type(Bar)     //  → is equivalent to `@_decorator.type(undefined)`
    public bar: Bar;          // To eliminate this error, either:
                              // - Refactor your module structure(recommended), or
                              // - specify the type as cc class name: `@_decorator.type('Bar'/* or any name you specified for `Bar` */)`
}Error: [Scene] You are explicitly specifying `undefined` type to cc property "recipesGenerate" of cc class "IngredientSearch".
Is this intended? If not, this may indicate a circular reference.
For example:

 
// foo.ts
import { _decorator } from 'cc';
import { Bar } from './bar';  // Given that './bar' also reference 'foo.ts'.
@_decorator.ccclass           //  ↓
export class Foo {            //  ↓
    @_decorator.type(Bar)     //  → is equivalent to `@_decorator.type(undefined)`
    public bar: Bar;          // To eliminate this error, either:
                              // - Refactor your module structure(recommended), or
                              // - specify the type as cc class name: `@_decorator.type('Bar'/* or any name you specified for `Bar` */)`
}
    at Logger._logHandler (D:\ProgramData\cocos\editors\Creator\3.8.3\resources\app.asar\builtin\scene\dist\script\3d\manager\startup\log.ccc:1:487)
    at Logger.record (D:\ProgramData\cocos\editors\Creator\3.8.3\resources\app.asar\node_modules\@base\electron-logger\lib\renderer.ccc:1:458)
    at console.warn (D:\ProgramData\cocos\editors\Creator\3.8.3\resources\app.asar\node_modules\@base\electron-logger\lib\renderer.ccc:1:1260)
    at warn (D:\ProgramData\cocos\editors\Creator\3.8.3\resources\resources\3d\engine\bin\.cache\dev\editor\bundled\index.js:160118:12)
    at warnID (D:\ProgramData\cocos\editors\Creator\3.8.3\resources\resources\3d\engine\bin\.cache\dev\editor\bundled\index.js:160300:5)
    at parseAttributes (D:\ProgramData\cocos\editors\Creator\3.8.3\resources\resources\3d\engine\bin\.cache\dev\editor\bundled\index.js:141172:7)
    at defineProp (D:\ProgramData\cocos\editors\Creator\3.8.3\resources\resources\3d\engine\bin\.cache\dev\editor\bundled\index.js:140919:5)
    at declareProperties (D:\ProgramData\cocos\editors\Creator\3.8.3\resources\resources\3d\engine\bin\.cache\dev\editor\bundled\index.js:141083:11)
    at CCClass (D:\ProgramData\cocos\editors\Creator\3.8.3\resources\resources\3d\engine\bin\.cache\dev\editor\bundled\index.js:141108:5)
    at eval (D:\ProgramData\cocos\editors\Creator\3.8.3\resources\resources\3d\engine\bin\.cache\dev\editor\bundled\index.js:272931:21)
2024-9-8 22:39:36 - warn: [Scene] Found possible circular reference in "pack:///chunks/c8/c8cd0e86362df7945a17acfe251e308f7e8b6938.js", happened when use "RecipesGenerate" imported from "../RecipesGenerate"  Error: 
    at Object.execute (file:///D:/ProgramData/cocos/workplace/Gourmet/temp/programming/packer-driver/targets/editor/chunks/c8/file:/D:/ProgramData/cocos/workplace/Gourmet/assets/script/Recipes/IngredientSearch/IngredientSearch.ts:30:14)
    at doExec (D:\ProgramData\cocos\editors\Creator\3.8.3\resources\app.asar\node_modules\@editor\lib-programming\static\executor\systemjs-bridge\out\index.js:517:30)
    at postOrderExec (D:\ProgramData\cocos\editors\Creator\3.8.3\resources\app.asar\node_modules\@editor\lib-programming\static\executor\systemjs-bridge\out\index.js:508:21)
    at D:\ProgramData\cocos\editors\Creator\3.8.3\resources\app.asar\node_modules\@editor\lib-programming\static\executor\systemjs-bridge\out\index.js:493:28
    at Array.forEach (<anonymous>)
    at postOrderExec (D:\ProgramData\cocos\editors\Creator\3.8.3\resources\app.asar\node_modules\@editor\lib-programming\static\executor\systemjs-bridge\out\index.js:491:10)
    at D:\ProgramData\cocos\editors\Creator\3.8.3\resources\app.asar\node_modules\@editor\lib-programming\static\executor\systemjs-bridge\out\index.js:493:28
    at Array.forEach (<anonymous>)
    at postOrderExec (D:\ProgramData\cocos\editors\Creator\3.8.3\resources\app.asar\node_modules\@editor\lib-programming\static\executor\systemjs-bridge\out\index.js:491:10)
    at D:\ProgramData\cocos\editors\Creator\3.8.3\resources\app.asar\node_modules\@editor\lib-programming\static\executor\systemjs-bridge\out\index.js:493:28Error: [Scene] Found possible circular reference in "pack:///chunks/c8/c8cd0e86362df7945a17acfe251e308f7e8b6938.js", happened when use "RecipesGenerate" imported from "../RecipesGenerate"  Error: 
    at D:\ProgramData\cocos\editors\Creator\3.8.3\resources\app.asar\node_modules\@editor\lib-programming\static\executor\systemjs-bridge\out\index.js:493:28
    at Array.forEach (<anonymous>)
    at postOrderExec (D:\ProgramData\cocos\editors\Creator\3.8.3\resources\app.asar\node_modules\@editor\lib-programming\static\executor\systemjs-bridge\out\index.js:491:10)
    at D:\ProgramData\cocos\editors\Creator\3.8.3\resources\app.asar\node_modules\@editor\lib-programming\static\executor\systemjs-bridge\out\index.js:493:28
    at Array.forEach (<anonymous>)
    at postOrderExec (D:\ProgramData\cocos\editors\Creator\3.8.3\resources\app.asar\node_modules\@editor\lib-programming\static\executor\systemjs-bridge\out\index.js:491:10)
    at D:\ProgramData\cocos\editors\Creator\3.8.3\resources\app.asar\node_modules\@editor\lib-programming\static\executor\systemjs-bridge\out\index.js:493:28
    at Logger._logHandler (D:\ProgramData\cocos\editors\Creator\3.8.3\resources\app.asar\builtin\scene\dist\script\3d\manager\startup\log.ccc:1:487)
    at Logger.record (D:\ProgramData\cocos\editors\Creator\3.8.3\resources\app.asar\node_modules\@base\electron-logger\lib\renderer.ccc:1:458)
    at console.warn (D:\ProgramData\cocos\editors\Creator\3.8.3\resources\app.asar\node_modules\@base\electron-logger\lib\renderer.ccc:1:1260)
    at Module.report (file:///D:/ProgramData/cocos/workplace/Gourmet/temp/programming/packer-driver/targets/editor/chunks/6a/cce:/internal/code-quality/cr.mjs:15:13)
    at _reportPossibleCrUseOfRecipesGenerate (file:///D:/ProgramData/cocos/workplace/Gourmet/temp/programming/packer-driver/targets/editor/chunks/c8/c8cd0e86362df7945a17acfe251e308f7e8b6938.js:13:17)
    at Object.execute (file:///D:/ProgramData/cocos/workplace/Gourmet/temp/programming/packer-driver/targets/editor/chunks/c8/file:/D:/ProgramData/cocos/workplace/Gourmet/assets/script/Recipes/IngredientSearch/IngredientSearch.ts:30:14)
    at doExec (D:\ProgramData\cocos\editors\Creator\3.8.3\resources\app.asar\node_modules\@editor\lib-programming\static\executor\systemjs-bridge\out\index.js:517:30)
    at postOrderExec (D:\ProgramData\cocos\editors\Creator\3.8.3\resources\app.asar\node_modules\@editor\lib-programming\static\executor\systemjs-bridge\out\index.js:508:21)
    at D:\ProgramData\cocos\editors\Creator\3.8.3\resources\app.asar\node_modules\@editor\lib-programming\static\executor\systemjs-bridge\out\index.js:493:28
    at Array.forEach (<anonymous>)
2024-9-8 22:39:36 - warn: [Scene] You are explicitly specifying `undefined` type to cc property "recipesGenerate" of cc class "IngredientSearch".
Is this intended? If not, this may indicate a circular reference.
For example:

 
// foo.ts
import { _decorator } from 'cc';
import { Bar } from './bar';  // Given that './bar' also reference 'foo.ts'.
                              // When importing './bar', execution of './bar' is hung on to wait execution of 'foo.ts',
                              // the `Bar` imported here is `undefined` until './bar' finish its execution.
                              // It leads to that
@_decorator.ccclass           //  ↓
export class Foo {            //  ↓
    @_decorator.type(Bar)     //  → is equivalent to `@_decorator.type(undefined)`
    public bar: Bar;          // To eliminate this error, either:
                              // - Refactor your module structure(recommended), or
                              // - specify the type as cc class name: `@_decorator.type('Bar'/* or any name you specified for `Bar` */)`
}Error: [Scene] You are explicitly specifying `undefined` type to cc property "recipesGenerate" of cc class "IngredientSearch".
Is this intended? If not, this may indicate a circular reference.
For example:

 
// foo.ts
import { _decorator } from 'cc';
import { Bar } from './bar';  // Given that './bar' also reference 'foo.ts'.
@_decorator.ccclass           //  ↓
export class Foo {            //  ↓
    @_decorator.type(Bar)     //  → is equivalent to `@_decorator.type(undefined)`
    public bar: Bar;          // To eliminate this error, either:
                              // - Refactor your module structure(recommended), or
                              // - specify the type as cc class name: `@_decorator.type('Bar'/* or any name you specified for `Bar` */)`
}
    at Logger._logHandler (D:\ProgramData\cocos\editors\Creator\3.8.3\resources\app.asar\builtin\scene\dist\script\3d\manager\startup\log.ccc:1:487)
    at Logger.record (D:\ProgramData\cocos\editors\Creator\3.8.3\resources\app.asar\node_modules\@base\electron-logger\lib\renderer.ccc:1:458)
    at console.warn (D:\ProgramData\cocos\editors\Creator\3.8.3\resources\app.asar\node_modules\@base\electron-logger\lib\renderer.ccc:1:1260)
    at warn (D:\ProgramData\cocos\editors\Creator\3.8.3\resources\resources\3d\engine\bin\.cache\dev\editor\bundled\index.js:160118:12)
    at warnID (D:\ProgramData\cocos\editors\Creator\3.8.3\resources\resources\3d\engine\bin\.cache\dev\editor\bundled\index.js:160300:5)
    at parseAttributes (D:\ProgramData\cocos\editors\Creator\3.8.3\resources\resources\3d\engine\bin\.cache\dev\editor\bundled\index.js:141172:7)
    at defineProp (D:\ProgramData\cocos\editors\Creator\3.8.3\resources\resources\3d\engine\bin\.cache\dev\editor\bundled\index.js:140919:5)
    at declareProperties (D:\ProgramData\cocos\editors\Creator\3.8.3\resources\resources\3d\engine\bin\.cache\dev\editor\bundled\index.js:141083:11)
    at CCClass (D:\ProgramData\cocos\editors\Creator\3.8.3\resources\resources\3d\engine\bin\.cache\dev\editor\bundled\index.js:141108:5)
    at eval (D:\ProgramData\cocos\editors\Creator\3.8.3\resources\resources\3d\engine\bin\.cache\dev\editor\bundled\index.js:272931:21)
2024-9-8 22:41:58 - warn: [Scene] Found possible circular reference in "pack:///chunks/c8/c8cd0e86362df7945a17acfe251e308f7e8b6938.js", happened when use "RecipesGenerate" imported from "../RecipesGenerate"  Error: 
    at Object.execute (file:///D:/ProgramData/cocos/workplace/Gourmet/temp/programming/packer-driver/targets/editor/chunks/c8/file:/D:/ProgramData/cocos/workplace/Gourmet/assets/script/Recipes/IngredientSearch/IngredientSearch.ts:30:14)
    at doExec (D:\ProgramData\cocos\editors\Creator\3.8.3\resources\app.asar\node_modules\@editor\lib-programming\static\executor\systemjs-bridge\out\index.js:517:30)
    at postOrderExec (D:\ProgramData\cocos\editors\Creator\3.8.3\resources\app.asar\node_modules\@editor\lib-programming\static\executor\systemjs-bridge\out\index.js:508:21)
    at D:\ProgramData\cocos\editors\Creator\3.8.3\resources\app.asar\node_modules\@editor\lib-programming\static\executor\systemjs-bridge\out\index.js:493:28
    at Array.forEach (<anonymous>)
    at postOrderExec (D:\ProgramData\cocos\editors\Creator\3.8.3\resources\app.asar\node_modules\@editor\lib-programming\static\executor\systemjs-bridge\out\index.js:491:10)
    at D:\ProgramData\cocos\editors\Creator\3.8.3\resources\app.asar\node_modules\@editor\lib-programming\static\executor\systemjs-bridge\out\index.js:493:28
    at Array.forEach (<anonymous>)
    at postOrderExec (D:\ProgramData\cocos\editors\Creator\3.8.3\resources\app.asar\node_modules\@editor\lib-programming\static\executor\systemjs-bridge\out\index.js:491:10)
    at D:\ProgramData\cocos\editors\Creator\3.8.3\resources\app.asar\node_modules\@editor\lib-programming\static\executor\systemjs-bridge\out\index.js:493:28Error: [Scene] Found possible circular reference in "pack:///chunks/c8/c8cd0e86362df7945a17acfe251e308f7e8b6938.js", happened when use "RecipesGenerate" imported from "../RecipesGenerate"  Error: 
    at D:\ProgramData\cocos\editors\Creator\3.8.3\resources\app.asar\node_modules\@editor\lib-programming\static\executor\systemjs-bridge\out\index.js:493:28
    at Array.forEach (<anonymous>)
    at postOrderExec (D:\ProgramData\cocos\editors\Creator\3.8.3\resources\app.asar\node_modules\@editor\lib-programming\static\executor\systemjs-bridge\out\index.js:491:10)
    at D:\ProgramData\cocos\editors\Creator\3.8.3\resources\app.asar\node_modules\@editor\lib-programming\static\executor\systemjs-bridge\out\index.js:493:28
    at Array.forEach (<anonymous>)
    at postOrderExec (D:\ProgramData\cocos\editors\Creator\3.8.3\resources\app.asar\node_modules\@editor\lib-programming\static\executor\systemjs-bridge\out\index.js:491:10)
    at D:\ProgramData\cocos\editors\Creator\3.8.3\resources\app.asar\node_modules\@editor\lib-programming\static\executor\systemjs-bridge\out\index.js:493:28
    at Logger._logHandler (D:\ProgramData\cocos\editors\Creator\3.8.3\resources\app.asar\builtin\scene\dist\script\3d\manager\startup\log.ccc:1:487)
    at Logger.record (D:\ProgramData\cocos\editors\Creator\3.8.3\resources\app.asar\node_modules\@base\electron-logger\lib\renderer.ccc:1:458)
    at console.warn (D:\ProgramData\cocos\editors\Creator\3.8.3\resources\app.asar\node_modules\@base\electron-logger\lib\renderer.ccc:1:1260)
    at Module.report (file:///D:/ProgramData/cocos/workplace/Gourmet/temp/programming/packer-driver/targets/editor/chunks/6a/cce:/internal/code-quality/cr.mjs:15:13)
    at _reportPossibleCrUseOfRecipesGenerate (file:///D:/ProgramData/cocos/workplace/Gourmet/temp/programming/packer-driver/targets/editor/chunks/c8/c8cd0e86362df7945a17acfe251e308f7e8b6938.js:13:17)
    at Object.execute (file:///D:/ProgramData/cocos/workplace/Gourmet/temp/programming/packer-driver/targets/editor/chunks/c8/file:/D:/ProgramData/cocos/workplace/Gourmet/assets/script/Recipes/IngredientSearch/IngredientSearch.ts:30:14)
    at doExec (D:\ProgramData\cocos\editors\Creator\3.8.3\resources\app.asar\node_modules\@editor\lib-programming\static\executor\systemjs-bridge\out\index.js:517:30)
    at postOrderExec (D:\ProgramData\cocos\editors\Creator\3.8.3\resources\app.asar\node_modules\@editor\lib-programming\static\executor\systemjs-bridge\out\index.js:508:21)
    at D:\ProgramData\cocos\editors\Creator\3.8.3\resources\app.asar\node_modules\@editor\lib-programming\static\executor\systemjs-bridge\out\index.js:493:28
    at Array.forEach (<anonymous>)
2024-9-8 22:41:58 - warn: [Scene] You are explicitly specifying `undefined` type to cc property "recipesGenerate" of cc class "IngredientSearch".
Is this intended? If not, this may indicate a circular reference.
For example:

 
// foo.ts
import { _decorator } from 'cc';
import { Bar } from './bar';  // Given that './bar' also reference 'foo.ts'.
                              // When importing './bar', execution of './bar' is hung on to wait execution of 'foo.ts',
                              // the `Bar` imported here is `undefined` until './bar' finish its execution.
                              // It leads to that
@_decorator.ccclass           //  ↓
export class Foo {            //  ↓
    @_decorator.type(Bar)     //  → is equivalent to `@_decorator.type(undefined)`
    public bar: Bar;          // To eliminate this error, either:
                              // - Refactor your module structure(recommended), or
                              // - specify the type as cc class name: `@_decorator.type('Bar'/* or any name you specified for `Bar` */)`
}Error: [Scene] You are explicitly specifying `undefined` type to cc property "recipesGenerate" of cc class "IngredientSearch".
Is this intended? If not, this may indicate a circular reference.
For example:

 
// foo.ts
import { _decorator } from 'cc';
import { Bar } from './bar';  // Given that './bar' also reference 'foo.ts'.
@_decorator.ccclass           //  ↓
export class Foo {            //  ↓
    @_decorator.type(Bar)     //  → is equivalent to `@_decorator.type(undefined)`
    public bar: Bar;          // To eliminate this error, either:
                              // - Refactor your module structure(recommended), or
                              // - specify the type as cc class name: `@_decorator.type('Bar'/* or any name you specified for `Bar` */)`
}
    at Logger._logHandler (D:\ProgramData\cocos\editors\Creator\3.8.3\resources\app.asar\builtin\scene\dist\script\3d\manager\startup\log.ccc:1:487)
    at Logger.record (D:\ProgramData\cocos\editors\Creator\3.8.3\resources\app.asar\node_modules\@base\electron-logger\lib\renderer.ccc:1:458)
    at console.warn (D:\ProgramData\cocos\editors\Creator\3.8.3\resources\app.asar\node_modules\@base\electron-logger\lib\renderer.ccc:1:1260)
    at warn (D:\ProgramData\cocos\editors\Creator\3.8.3\resources\resources\3d\engine\bin\.cache\dev\editor\bundled\index.js:160118:12)
    at warnID (D:\ProgramData\cocos\editors\Creator\3.8.3\resources\resources\3d\engine\bin\.cache\dev\editor\bundled\index.js:160300:5)
    at parseAttributes (D:\ProgramData\cocos\editors\Creator\3.8.3\resources\resources\3d\engine\bin\.cache\dev\editor\bundled\index.js:141172:7)
    at defineProp (D:\ProgramData\cocos\editors\Creator\3.8.3\resources\resources\3d\engine\bin\.cache\dev\editor\bundled\index.js:140919:5)
    at declareProperties (D:\ProgramData\cocos\editors\Creator\3.8.3\resources\resources\3d\engine\bin\.cache\dev\editor\bundled\index.js:141083:11)
    at CCClass (D:\ProgramData\cocos\editors\Creator\3.8.3\resources\resources\3d\engine\bin\.cache\dev\editor\bundled\index.js:141108:5)
    at eval (D:\ProgramData\cocos\editors\Creator\3.8.3\resources\resources\3d\engine\bin\.cache\dev\editor\bundled\index.js:272931:21)
2024-9-8 22:42:12 - warn: [Scene] Found possible circular reference in "pack:///chunks/c8/c8cd0e86362df7945a17acfe251e308f7e8b6938.js", happened when use "RecipesGenerate" imported from "../RecipesGenerate"  Error: 
    at Object.execute (file:///D:/ProgramData/cocos/workplace/Gourmet/temp/programming/packer-driver/targets/editor/chunks/c8/file:/D:/ProgramData/cocos/workplace/Gourmet/assets/script/Recipes/IngredientSearch/IngredientSearch.ts:30:14)
    at doExec (D:\ProgramData\cocos\editors\Creator\3.8.3\resources\app.asar\node_modules\@editor\lib-programming\static\executor\systemjs-bridge\out\index.js:517:30)
    at postOrderExec (D:\ProgramData\cocos\editors\Creator\3.8.3\resources\app.asar\node_modules\@editor\lib-programming\static\executor\systemjs-bridge\out\index.js:508:21)
    at D:\ProgramData\cocos\editors\Creator\3.8.3\resources\app.asar\node_modules\@editor\lib-programming\static\executor\systemjs-bridge\out\index.js:493:28
    at Array.forEach (<anonymous>)
    at postOrderExec (D:\ProgramData\cocos\editors\Creator\3.8.3\resources\app.asar\node_modules\@editor\lib-programming\static\executor\systemjs-bridge\out\index.js:491:10)
    at D:\ProgramData\cocos\editors\Creator\3.8.3\resources\app.asar\node_modules\@editor\lib-programming\static\executor\systemjs-bridge\out\index.js:493:28
    at Array.forEach (<anonymous>)
    at postOrderExec (D:\ProgramData\cocos\editors\Creator\3.8.3\resources\app.asar\node_modules\@editor\lib-programming\static\executor\systemjs-bridge\out\index.js:491:10)
    at D:\ProgramData\cocos\editors\Creator\3.8.3\resources\app.asar\node_modules\@editor\lib-programming\static\executor\systemjs-bridge\out\index.js:493:28Error: [Scene] Found possible circular reference in "pack:///chunks/c8/c8cd0e86362df7945a17acfe251e308f7e8b6938.js", happened when use "RecipesGenerate" imported from "../RecipesGenerate"  Error: 
    at D:\ProgramData\cocos\editors\Creator\3.8.3\resources\app.asar\node_modules\@editor\lib-programming\static\executor\systemjs-bridge\out\index.js:493:28
    at Array.forEach (<anonymous>)
    at postOrderExec (D:\ProgramData\cocos\editors\Creator\3.8.3\resources\app.asar\node_modules\@editor\lib-programming\static\executor\systemjs-bridge\out\index.js:491:10)
    at D:\ProgramData\cocos\editors\Creator\3.8.3\resources\app.asar\node_modules\@editor\lib-programming\static\executor\systemjs-bridge\out\index.js:493:28
    at Array.forEach (<anonymous>)
    at postOrderExec (D:\ProgramData\cocos\editors\Creator\3.8.3\resources\app.asar\node_modules\@editor\lib-programming\static\executor\systemjs-bridge\out\index.js:491:10)
    at D:\ProgramData\cocos\editors\Creator\3.8.3\resources\app.asar\node_modules\@editor\lib-programming\static\executor\systemjs-bridge\out\index.js:493:28
    at Logger._logHandler (D:\ProgramData\cocos\editors\Creator\3.8.3\resources\app.asar\builtin\scene\dist\script\3d\manager\startup\log.ccc:1:487)
    at Logger.record (D:\ProgramData\cocos\editors\Creator\3.8.3\resources\app.asar\node_modules\@base\electron-logger\lib\renderer.ccc:1:458)
    at console.warn (D:\ProgramData\cocos\editors\Creator\3.8.3\resources\app.asar\node_modules\@base\electron-logger\lib\renderer.ccc:1:1260)
    at Module.report (file:///D:/ProgramData/cocos/workplace/Gourmet/temp/programming/packer-driver/targets/editor/chunks/6a/cce:/internal/code-quality/cr.mjs:15:13)
    at _reportPossibleCrUseOfRecipesGenerate (file:///D:/ProgramData/cocos/workplace/Gourmet/temp/programming/packer-driver/targets/editor/chunks/c8/c8cd0e86362df7945a17acfe251e308f7e8b6938.js:13:17)
    at Object.execute (file:///D:/ProgramData/cocos/workplace/Gourmet/temp/programming/packer-driver/targets/editor/chunks/c8/file:/D:/ProgramData/cocos/workplace/Gourmet/assets/script/Recipes/IngredientSearch/IngredientSearch.ts:30:14)
    at doExec (D:\ProgramData\cocos\editors\Creator\3.8.3\resources\app.asar\node_modules\@editor\lib-programming\static\executor\systemjs-bridge\out\index.js:517:30)
    at postOrderExec (D:\ProgramData\cocos\editors\Creator\3.8.3\resources\app.asar\node_modules\@editor\lib-programming\static\executor\systemjs-bridge\out\index.js:508:21)
    at D:\ProgramData\cocos\editors\Creator\3.8.3\resources\app.asar\node_modules\@editor\lib-programming\static\executor\systemjs-bridge\out\index.js:493:28
    at Array.forEach (<anonymous>)
2024-9-8 22:42:12 - warn: [Scene] You are explicitly specifying `undefined` type to cc property "recipesGenerate" of cc class "IngredientSearch".
Is this intended? If not, this may indicate a circular reference.
For example:

 
// foo.ts
import { _decorator } from 'cc';
import { Bar } from './bar';  // Given that './bar' also reference 'foo.ts'.
                              // When importing './bar', execution of './bar' is hung on to wait execution of 'foo.ts',
                              // the `Bar` imported here is `undefined` until './bar' finish its execution.
                              // It leads to that
@_decorator.ccclass           //  ↓
export class Foo {            //  ↓
    @_decorator.type(Bar)     //  → is equivalent to `@_decorator.type(undefined)`
    public bar: Bar;          // To eliminate this error, either:
                              // - Refactor your module structure(recommended), or
                              // - specify the type as cc class name: `@_decorator.type('Bar'/* or any name you specified for `Bar` */)`
}Error: [Scene] You are explicitly specifying `undefined` type to cc property "recipesGenerate" of cc class "IngredientSearch".
Is this intended? If not, this may indicate a circular reference.
For example:

 
// foo.ts
import { _decorator } from 'cc';
import { Bar } from './bar';  // Given that './bar' also reference 'foo.ts'.
@_decorator.ccclass           //  ↓
export class Foo {            //  ↓
    @_decorator.type(Bar)     //  → is equivalent to `@_decorator.type(undefined)`
    public bar: Bar;          // To eliminate this error, either:
                              // - Refactor your module structure(recommended), or
                              // - specify the type as cc class name: `@_decorator.type('Bar'/* or any name you specified for `Bar` */)`
}
    at Logger._logHandler (D:\ProgramData\cocos\editors\Creator\3.8.3\resources\app.asar\builtin\scene\dist\script\3d\manager\startup\log.ccc:1:487)
    at Logger.record (D:\ProgramData\cocos\editors\Creator\3.8.3\resources\app.asar\node_modules\@base\electron-logger\lib\renderer.ccc:1:458)
    at console.warn (D:\ProgramData\cocos\editors\Creator\3.8.3\resources\app.asar\node_modules\@base\electron-logger\lib\renderer.ccc:1:1260)
    at warn (D:\ProgramData\cocos\editors\Creator\3.8.3\resources\resources\3d\engine\bin\.cache\dev\editor\bundled\index.js:160118:12)
    at warnID (D:\ProgramData\cocos\editors\Creator\3.8.3\resources\resources\3d\engine\bin\.cache\dev\editor\bundled\index.js:160300:5)
    at parseAttributes (D:\ProgramData\cocos\editors\Creator\3.8.3\resources\resources\3d\engine\bin\.cache\dev\editor\bundled\index.js:141172:7)
    at defineProp (D:\ProgramData\cocos\editors\Creator\3.8.3\resources\resources\3d\engine\bin\.cache\dev\editor\bundled\index.js:140919:5)
    at declareProperties (D:\ProgramData\cocos\editors\Creator\3.8.3\resources\resources\3d\engine\bin\.cache\dev\editor\bundled\index.js:141083:11)
    at CCClass (D:\ProgramData\cocos\editors\Creator\3.8.3\resources\resources\3d\engine\bin\.cache\dev\editor\bundled\index.js:141108:5)
    at eval (D:\ProgramData\cocos\editors\Creator\3.8.3\resources\resources\3d\engine\bin\.cache\dev\editor\bundled\index.js:272931:21)
2024-9-8 22:43:09 - warn: [Scene] Found possible circular reference in "pack:///chunks/c8/c8cd0e86362df7945a17acfe251e308f7e8b6938.js", happened when use "RecipesGenerate" imported from "../RecipesGenerate"  Error: 
    at Object.execute (file:///D:/ProgramData/cocos/workplace/Gourmet/temp/programming/packer-driver/targets/editor/chunks/c8/file:/D:/ProgramData/cocos/workplace/Gourmet/assets/script/Recipes/IngredientSearch/IngredientSearch.ts:30:14)
    at doExec (D:\ProgramData\cocos\editors\Creator\3.8.3\resources\app.asar\node_modules\@editor\lib-programming\static\executor\systemjs-bridge\out\index.js:517:30)
    at postOrderExec (D:\ProgramData\cocos\editors\Creator\3.8.3\resources\app.asar\node_modules\@editor\lib-programming\static\executor\systemjs-bridge\out\index.js:508:21)
    at D:\ProgramData\cocos\editors\Creator\3.8.3\resources\app.asar\node_modules\@editor\lib-programming\static\executor\systemjs-bridge\out\index.js:493:28
    at Array.forEach (<anonymous>)
    at postOrderExec (D:\ProgramData\cocos\editors\Creator\3.8.3\resources\app.asar\node_modules\@editor\lib-programming\static\executor\systemjs-bridge\out\index.js:491:10)
    at D:\ProgramData\cocos\editors\Creator\3.8.3\resources\app.asar\node_modules\@editor\lib-programming\static\executor\systemjs-bridge\out\index.js:493:28
    at Array.forEach (<anonymous>)
    at postOrderExec (D:\ProgramData\cocos\editors\Creator\3.8.3\resources\app.asar\node_modules\@editor\lib-programming\static\executor\systemjs-bridge\out\index.js:491:10)
    at D:\ProgramData\cocos\editors\Creator\3.8.3\resources\app.asar\node_modules\@editor\lib-programming\static\executor\systemjs-bridge\out\index.js:493:28Error: [Scene] Found possible circular reference in "pack:///chunks/c8/c8cd0e86362df7945a17acfe251e308f7e8b6938.js", happened when use "RecipesGenerate" imported from "../RecipesGenerate"  Error: 
    at D:\ProgramData\cocos\editors\Creator\3.8.3\resources\app.asar\node_modules\@editor\lib-programming\static\executor\systemjs-bridge\out\index.js:493:28
    at Array.forEach (<anonymous>)
    at postOrderExec (D:\ProgramData\cocos\editors\Creator\3.8.3\resources\app.asar\node_modules\@editor\lib-programming\static\executor\systemjs-bridge\out\index.js:491:10)
    at D:\ProgramData\cocos\editors\Creator\3.8.3\resources\app.asar\node_modules\@editor\lib-programming\static\executor\systemjs-bridge\out\index.js:493:28
    at Array.forEach (<anonymous>)
    at postOrderExec (D:\ProgramData\cocos\editors\Creator\3.8.3\resources\app.asar\node_modules\@editor\lib-programming\static\executor\systemjs-bridge\out\index.js:491:10)
    at D:\ProgramData\cocos\editors\Creator\3.8.3\resources\app.asar\node_modules\@editor\lib-programming\static\executor\systemjs-bridge\out\index.js:493:28
    at Logger._logHandler (D:\ProgramData\cocos\editors\Creator\3.8.3\resources\app.asar\builtin\scene\dist\script\3d\manager\startup\log.ccc:1:487)
    at Logger.record (D:\ProgramData\cocos\editors\Creator\3.8.3\resources\app.asar\node_modules\@base\electron-logger\lib\renderer.ccc:1:458)
    at console.warn (D:\ProgramData\cocos\editors\Creator\3.8.3\resources\app.asar\node_modules\@base\electron-logger\lib\renderer.ccc:1:1260)
    at Module.report (file:///D:/ProgramData/cocos/workplace/Gourmet/temp/programming/packer-driver/targets/editor/chunks/6a/cce:/internal/code-quality/cr.mjs:15:13)
    at _reportPossibleCrUseOfRecipesGenerate (file:///D:/ProgramData/cocos/workplace/Gourmet/temp/programming/packer-driver/targets/editor/chunks/c8/c8cd0e86362df7945a17acfe251e308f7e8b6938.js:13:17)
    at Object.execute (file:///D:/ProgramData/cocos/workplace/Gourmet/temp/programming/packer-driver/targets/editor/chunks/c8/file:/D:/ProgramData/cocos/workplace/Gourmet/assets/script/Recipes/IngredientSearch/IngredientSearch.ts:30:14)
    at doExec (D:\ProgramData\cocos\editors\Creator\3.8.3\resources\app.asar\node_modules\@editor\lib-programming\static\executor\systemjs-bridge\out\index.js:517:30)
    at postOrderExec (D:\ProgramData\cocos\editors\Creator\3.8.3\resources\app.asar\node_modules\@editor\lib-programming\static\executor\systemjs-bridge\out\index.js:508:21)
    at D:\ProgramData\cocos\editors\Creator\3.8.3\resources\app.asar\node_modules\@editor\lib-programming\static\executor\systemjs-bridge\out\index.js:493:28
    at Array.forEach (<anonymous>)
2024-9-8 22:43:09 - warn: [Scene] You are explicitly specifying `undefined` type to cc property "recipesGenerate" of cc class "IngredientSearch".
Is this intended? If not, this may indicate a circular reference.
For example:

 
// foo.ts
import { _decorator } from 'cc';
import { Bar } from './bar';  // Given that './bar' also reference 'foo.ts'.
                              // When importing './bar', execution of './bar' is hung on to wait execution of 'foo.ts',
                              // the `Bar` imported here is `undefined` until './bar' finish its execution.
                              // It leads to that
@_decorator.ccclass           //  ↓
export class Foo {            //  ↓
    @_decorator.type(Bar)     //  → is equivalent to `@_decorator.type(undefined)`
    public bar: Bar;          // To eliminate this error, either:
                              // - Refactor your module structure(recommended), or
                              // - specify the type as cc class name: `@_decorator.type('Bar'/* or any name you specified for `Bar` */)`
}Error: [Scene] You are explicitly specifying `undefined` type to cc property "recipesGenerate" of cc class "IngredientSearch".
Is this intended? If not, this may indicate a circular reference.
For example:

 
// foo.ts
import { _decorator } from 'cc';
import { Bar } from './bar';  // Given that './bar' also reference 'foo.ts'.
@_decorator.ccclass           //  ↓
export class Foo {            //  ↓
    @_decorator.type(Bar)     //  → is equivalent to `@_decorator.type(undefined)`
    public bar: Bar;          // To eliminate this error, either:
                              // - Refactor your module structure(recommended), or
                              // - specify the type as cc class name: `@_decorator.type('Bar'/* or any name you specified for `Bar` */)`
}
    at Logger._logHandler (D:\ProgramData\cocos\editors\Creator\3.8.3\resources\app.asar\builtin\scene\dist\script\3d\manager\startup\log.ccc:1:487)
    at Logger.record (D:\ProgramData\cocos\editors\Creator\3.8.3\resources\app.asar\node_modules\@base\electron-logger\lib\renderer.ccc:1:458)
    at console.warn (D:\ProgramData\cocos\editors\Creator\3.8.3\resources\app.asar\node_modules\@base\electron-logger\lib\renderer.ccc:1:1260)
    at warn (D:\ProgramData\cocos\editors\Creator\3.8.3\resources\resources\3d\engine\bin\.cache\dev\editor\bundled\index.js:160118:12)
    at warnID (D:\ProgramData\cocos\editors\Creator\3.8.3\resources\resources\3d\engine\bin\.cache\dev\editor\bundled\index.js:160300:5)
    at parseAttributes (D:\ProgramData\cocos\editors\Creator\3.8.3\resources\resources\3d\engine\bin\.cache\dev\editor\bundled\index.js:141172:7)
    at defineProp (D:\ProgramData\cocos\editors\Creator\3.8.3\resources\resources\3d\engine\bin\.cache\dev\editor\bundled\index.js:140919:5)
    at declareProperties (D:\ProgramData\cocos\editors\Creator\3.8.3\resources\resources\3d\engine\bin\.cache\dev\editor\bundled\index.js:141083:11)
    at CCClass (D:\ProgramData\cocos\editors\Creator\3.8.3\resources\resources\3d\engine\bin\.cache\dev\editor\bundled\index.js:141108:5)
    at eval (D:\ProgramData\cocos\editors\Creator\3.8.3\resources\resources\3d\engine\bin\.cache\dev\editor\bundled\index.js:272931:21)
