23:34:29 debug: 2024/9/6下午11:34:29
23:34:29 debug: Project: D:\ProgramData\cocos\workplace\Gourmet
23:34:29 debug: Targets: editor,preview
23:34:30 debug: Incremental file seems great.
23:34:30 debug: Engine path: D:\ProgramData\cocos\editors\Creator\3.8.3\resources\resources\3d\engine
23:34:30 debug: Initializing target [Editor]
23:34:30 debug: Loading cache
23:34:30 debug: Loading cache costs 2.722200036048889ms.
23:34:30 debug: Engine features shipped in editor: base,gfx-webgl,gfx-webgl2,gfx-empty,3d,animation,skeletal-animation,2d,ui,particle,particle-2d,physics-framework,physics-2d-framework,physics-2d-box2d-wasm,intersection-2d,primitive,profiler,occlusion-query,geometry-renderer,debug-renderer,audio,video,xr,light-probe,terrain,webview,tween,tiled-map,spine,dragon-bones,marionette,procedural-animation,custom-pipeline,websocket,websocket-server,meshopt
23:34:30 debug: Our import map(foo:/bar): {
  "imports": {
    "cc": "cce:/internal/x/cc"
  }
}
23:34:30 debug: Initializing target [Preview]
23:34:30 debug: Loading cache
23:34:30 debug: Loading cache costs 2.1906999945640564ms.
23:34:30 debug: Our import map(foo:/bar): {
  "imports": {
    "cc": "cce:/internal/x/cc"
  }
}
23:34:30 debug: Sync engine features: 2d,animation,audio,base,dragon-bones,gfx-webgl,gfx-webgl2,intersection-2d,meshopt,particle-2d,physics-2d-box2d,profiler,spine,tiled-map,tween,ui,video,webview
23:34:30 debug: Reset databases. Enumerated domains: [
  {
    "root": "db://internal/",
    "physical": "D:\\ProgramData\\cocos\\editors\\Creator\\3.8.3\\resources\\resources\\3d\\engine\\editor\\assets"
  },
  {
    "root": "db://assets/",
    "physical": "D:\\ProgramData\\cocos\\workplace\\Gourmet\\assets"
  }
]
23:34:30 debug: Our import map(foo:/bar): {
  "imports": {
    "cc": "cce:/internal/x/cc",
    "db://internal/": "file:///D:/ProgramData/cocos/editors/Creator/3.8.3/resources/resources/3d/engine/editor/assets/",
    "db://assets/": "file:///D:/ProgramData/cocos/workplace/Gourmet/assets/"
  }
}
23:34:30 debug: Our import map(foo:/bar): {
  "imports": {
    "cc": "cce:/internal/x/cc",
    "db://internal/": "file:///D:/ProgramData/cocos/editors/Creator/3.8.3/resources/resources/3d/engine/editor/assets/",
    "db://assets/": "file:///D:/ProgramData/cocos/workplace/Gourmet/assets/"
  }
}
23:34:30 debug: Pulling asset-db.
23:34:30 debug: Fetch asset-db cost: 6.098800003528595ms.
23:34:30 debug: Build iteration starts.
Number of accumulated asset changes: 7
Feature changed: false
23:34:30 debug: Target(editor) build started.
23:34:30 debug: Detected change: cce:/internal/x/cc. Last mtime: Thu Jan 01 1970 08:00:08 GMT+0800 (中国标准时间), Current mtime: Thu Jan 01 1970 08:00:09 GMT+0800 (中国标准时间)
23:34:30 debug: Inspect cce:/internal/x/cc
23:34:30 debug: Resolve cce:/internal/x/cc-fu/base from cce:/internal/x/cc as external dependency cce:/internal/x/cc-fu/base.
23:34:30 debug: Resolve cce:/internal/x/cc-fu/gfx-webgl from cce:/internal/x/cc as external dependency cce:/internal/x/cc-fu/gfx-webgl.
23:34:30 debug: Resolve cce:/internal/x/cc-fu/gfx-webgl2 from cce:/internal/x/cc as external dependency cce:/internal/x/cc-fu/gfx-webgl2.
23:34:30 debug: Resolve cce:/internal/x/cc-fu/gfx-empty from cce:/internal/x/cc as external dependency cce:/internal/x/cc-fu/gfx-empty.
23:34:30 debug: Resolve cce:/internal/x/cc-fu/3d from cce:/internal/x/cc as external dependency cce:/internal/x/cc-fu/3d.
23:34:30 debug: Resolve cce:/internal/x/cc-fu/animation from cce:/internal/x/cc as external dependency cce:/internal/x/cc-fu/animation.
23:34:30 debug: Resolve cce:/internal/x/cc-fu/skeletal-animation from cce:/internal/x/cc as external dependency cce:/internal/x/cc-fu/skeletal-animation.
23:34:30 debug: Resolve cce:/internal/x/cc-fu/2d from cce:/internal/x/cc as external dependency cce:/internal/x/cc-fu/2d.
23:34:30 debug: Resolve cce:/internal/x/cc-fu/sorting from cce:/internal/x/cc as external dependency cce:/internal/x/cc-fu/sorting.
23:34:30 debug: Resolve cce:/internal/x/cc-fu/ui from cce:/internal/x/cc as external dependency cce:/internal/x/cc-fu/ui.
23:34:30 debug: Resolve cce:/internal/x/cc-fu/particle from cce:/internal/x/cc as external dependency cce:/internal/x/cc-fu/particle.
23:34:30 debug: Resolve cce:/internal/x/cc-fu/particle-2d from cce:/internal/x/cc as external dependency cce:/internal/x/cc-fu/particle-2d.
23:34:30 debug: Resolve cce:/internal/x/cc-fu/physics-framework from cce:/internal/x/cc as external dependency cce:/internal/x/cc-fu/physics-framework.
23:34:30 debug: Resolve cce:/internal/x/cc-fu/physics-2d-framework from cce:/internal/x/cc as external dependency cce:/internal/x/cc-fu/physics-2d-framework.
23:34:30 debug: Resolve cce:/internal/x/cc-fu/physics-2d-box2d-wasm from cce:/internal/x/cc as external dependency cce:/internal/x/cc-fu/physics-2d-box2d-wasm.
23:34:30 debug: Resolve cce:/internal/x/cc-fu/intersection-2d from cce:/internal/x/cc as external dependency cce:/internal/x/cc-fu/intersection-2d.
23:34:30 debug: Resolve cce:/internal/x/cc-fu/primitive from cce:/internal/x/cc as external dependency cce:/internal/x/cc-fu/primitive.
23:34:30 debug: Resolve cce:/internal/x/cc-fu/profiler from cce:/internal/x/cc as external dependency cce:/internal/x/cc-fu/profiler.
23:34:30 debug: Resolve cce:/internal/x/cc-fu/geometry-renderer from cce:/internal/x/cc as external dependency cce:/internal/x/cc-fu/geometry-renderer.
23:34:30 debug: Resolve cce:/internal/x/cc-fu/audio from cce:/internal/x/cc as external dependency cce:/internal/x/cc-fu/audio.
23:34:30 debug: Resolve cce:/internal/x/cc-fu/video from cce:/internal/x/cc as external dependency cce:/internal/x/cc-fu/video.
23:34:30 debug: Resolve cce:/internal/x/cc-fu/xr from cce:/internal/x/cc as external dependency cce:/internal/x/cc-fu/xr.
23:34:30 debug: Resolve cce:/internal/x/cc-fu/light-probe from cce:/internal/x/cc as external dependency cce:/internal/x/cc-fu/light-probe.
23:34:30 debug: Resolve cce:/internal/x/cc-fu/terrain from cce:/internal/x/cc as external dependency cce:/internal/x/cc-fu/terrain.
23:34:30 debug: Resolve cce:/internal/x/cc-fu/webview from cce:/internal/x/cc as external dependency cce:/internal/x/cc-fu/webview.
23:34:30 debug: Resolve cce:/internal/x/cc-fu/tween from cce:/internal/x/cc as external dependency cce:/internal/x/cc-fu/tween.
23:34:30 debug: Resolve cce:/internal/x/cc-fu/tiled-map from cce:/internal/x/cc as external dependency cce:/internal/x/cc-fu/tiled-map.
23:34:30 debug: Resolve cce:/internal/x/cc-fu/spine from cce:/internal/x/cc as external dependency cce:/internal/x/cc-fu/spine.
23:34:30 debug: Resolve cce:/internal/x/cc-fu/dragon-bones from cce:/internal/x/cc as external dependency cce:/internal/x/cc-fu/dragon-bones.
23:34:30 debug: Resolve cce:/internal/x/cc-fu/custom-pipeline from cce:/internal/x/cc as external dependency cce:/internal/x/cc-fu/custom-pipeline.
23:34:30 debug: Detected change: cce:/internal/x/prerequisite-imports. Last mtime: Thu Jan 01 1970 08:00:10 GMT+0800 (中国标准时间), Current mtime: Thu Jan 01 1970 08:00:09 GMT+0800 (中国标准时间)
23:34:30 debug: Inspect cce:/internal/x/prerequisite-imports
23:34:30 debug: Resolve file:///D:/ProgramData/cocos/editors/Creator/3.8.3/resources/resources/3d/engine/editor/assets/tools/debug-view-runtime-control.ts from cce:/internal/x/prerequisite-imports as file:///D:/ProgramData/cocos/editors/Creator/3.8.3/resources/resources/3d/engine/editor/assets/tools/debug-view-runtime-control.ts.
23:34:30 debug: Resolve cc from file:///D:/ProgramData/cocos/editors/Creator/3.8.3/resources/resources/3d/engine/editor/assets/tools/debug-view-runtime-control.ts as cce:/internal/x/cc.
23:34:30 debug: Resolve cc from file:///D:/ProgramData/cocos/editors/Creator/3.8.3/resources/resources/3d/engine/editor/assets/tools/debug-view-runtime-control.ts as cce:/internal/x/cc.
23:34:30 debug: Resolve cc from file:///D:/ProgramData/cocos/editors/Creator/3.8.3/resources/resources/3d/engine/editor/assets/tools/debug-view-runtime-control.ts as cce:/internal/x/cc.
23:34:30 debug: Resolve file:///D:/ProgramData/cocos/workplace/Gourmet/assets/script/Recipes/Home/RecipesSearch.ts from cce:/internal/x/prerequisite-imports as file:///D:/ProgramData/cocos/workplace/Gourmet/assets/script/Recipes/Home/RecipesSearch.ts.
23:34:30 debug: Resolve cce:/internal/code-quality/cr.mjs from file:///D:/ProgramData/cocos/workplace/Gourmet/assets/script/Recipes/Home/RecipesSearch.ts as cce:/internal/code-quality/cr.mjs.
23:34:30 debug: Detected change: cce:/internal/code-quality/cr.mjs. Last mtime: Thu Sep 05 2024 20:22:39 GMT+0800 (中国标准时间), Current mtime: Fri Sep 06 2024 23:34:20 GMT+0800 (中国标准时间)
23:34:30 debug: Inspect cce:/internal/code-quality/cr.mjs
23:34:30 debug: Resolve cc from file:///D:/ProgramData/cocos/workplace/Gourmet/assets/script/Recipes/Home/RecipesSearch.ts as cce:/internal/x/cc.
23:34:30 debug: Resolve cc from file:///D:/ProgramData/cocos/workplace/Gourmet/assets/script/Recipes/Home/RecipesSearch.ts as cce:/internal/x/cc.
23:34:30 debug: Resolve cc from file:///D:/ProgramData/cocos/workplace/Gourmet/assets/script/Recipes/Home/RecipesSearch.ts as cce:/internal/x/cc.
23:34:30 debug: Resolve ../RecipesGenerate from file:///D:/ProgramData/cocos/workplace/Gourmet/assets/script/Recipes/Home/RecipesSearch.ts as file:///D:/ProgramData/cocos/workplace/Gourmet/assets/script/Recipes/RecipesGenerate.ts.
23:34:30 debug: Resolve cce:/internal/code-quality/cr.mjs from file:///D:/ProgramData/cocos/workplace/Gourmet/assets/script/Recipes/RecipesGenerate.ts as cce:/internal/code-quality/cr.mjs.
23:34:30 debug: Resolve cc from file:///D:/ProgramData/cocos/workplace/Gourmet/assets/script/Recipes/RecipesGenerate.ts as cce:/internal/x/cc.
23:34:30 debug: Resolve cc from file:///D:/ProgramData/cocos/workplace/Gourmet/assets/script/Recipes/RecipesGenerate.ts as cce:/internal/x/cc.
23:34:30 debug: Resolve cc from file:///D:/ProgramData/cocos/workplace/Gourmet/assets/script/Recipes/RecipesGenerate.ts as cce:/internal/x/cc.
23:34:30 debug: Resolve ./NavigationBar from file:///D:/ProgramData/cocos/workplace/Gourmet/assets/script/Recipes/RecipesGenerate.ts as file:///D:/ProgramData/cocos/workplace/Gourmet/assets/script/Recipes/NavigationBar.ts.
23:34:30 debug: Resolve cce:/internal/code-quality/cr.mjs from file:///D:/ProgramData/cocos/workplace/Gourmet/assets/script/Recipes/NavigationBar.ts as cce:/internal/code-quality/cr.mjs.
23:34:30 debug: Resolve cc from file:///D:/ProgramData/cocos/workplace/Gourmet/assets/script/Recipes/NavigationBar.ts as cce:/internal/x/cc.
23:34:30 debug: Resolve cc from file:///D:/ProgramData/cocos/workplace/Gourmet/assets/script/Recipes/NavigationBar.ts as cce:/internal/x/cc.
23:34:30 debug: Resolve cc from file:///D:/ProgramData/cocos/workplace/Gourmet/assets/script/Recipes/NavigationBar.ts as cce:/internal/x/cc.
23:34:30 debug: Resolve ../UIStackManager from file:///D:/ProgramData/cocos/workplace/Gourmet/assets/script/Recipes/NavigationBar.ts as file:///D:/ProgramData/cocos/workplace/Gourmet/assets/script/UIStackManager.ts.
23:34:30 debug: Resolve cc from file:///D:/ProgramData/cocos/workplace/Gourmet/assets/script/UIStackManager.ts as cce:/internal/x/cc.
23:34:30 debug: Resolve cc from file:///D:/ProgramData/cocos/workplace/Gourmet/assets/script/UIStackManager.ts as cce:/internal/x/cc.
23:34:30 debug: Resolve cc from file:///D:/ProgramData/cocos/workplace/Gourmet/assets/script/UIStackManager.ts as cce:/internal/x/cc.
23:34:30 debug: Resolve file:///D:/ProgramData/cocos/workplace/Gourmet/assets/script/Recipes/IngredientSearch/IngredientSearch.ts from cce:/internal/x/prerequisite-imports as file:///D:/ProgramData/cocos/workplace/Gourmet/assets/script/Recipes/IngredientSearch/IngredientSearch.ts.
23:34:30 debug: Resolve cce:/internal/code-quality/cr.mjs from file:///D:/ProgramData/cocos/workplace/Gourmet/assets/script/Recipes/IngredientSearch/IngredientSearch.ts as cce:/internal/code-quality/cr.mjs.
23:34:30 debug: Resolve cc from file:///D:/ProgramData/cocos/workplace/Gourmet/assets/script/Recipes/IngredientSearch/IngredientSearch.ts as cce:/internal/x/cc.
23:34:30 debug: Resolve cc from file:///D:/ProgramData/cocos/workplace/Gourmet/assets/script/Recipes/IngredientSearch/IngredientSearch.ts as cce:/internal/x/cc.
23:34:30 debug: Resolve cc from file:///D:/ProgramData/cocos/workplace/Gourmet/assets/script/Recipes/IngredientSearch/IngredientSearch.ts as cce:/internal/x/cc.
23:34:30 debug: Resolve ../RecipesGenerate from file:///D:/ProgramData/cocos/workplace/Gourmet/assets/script/Recipes/IngredientSearch/IngredientSearch.ts as file:///D:/ProgramData/cocos/workplace/Gourmet/assets/script/Recipes/RecipesGenerate.ts.
23:34:30 debug: Resolve ../NavigationBar from file:///D:/ProgramData/cocos/workplace/Gourmet/assets/script/Recipes/IngredientSearch/IngredientSearch.ts as file:///D:/ProgramData/cocos/workplace/Gourmet/assets/script/Recipes/NavigationBar.ts.
23:34:30 debug: Resolve file:///D:/ProgramData/cocos/workplace/Gourmet/assets/script/Recipes/NavigationBar.ts from cce:/internal/x/prerequisite-imports as file:///D:/ProgramData/cocos/workplace/Gourmet/assets/script/Recipes/NavigationBar.ts.
23:34:30 debug: Resolve file:///D:/ProgramData/cocos/workplace/Gourmet/assets/script/Recipes/Random/Random.ts from cce:/internal/x/prerequisite-imports as file:///D:/ProgramData/cocos/workplace/Gourmet/assets/script/Recipes/Random/Random.ts.
23:34:30 debug: Resolve cce:/internal/code-quality/cr.mjs from file:///D:/ProgramData/cocos/workplace/Gourmet/assets/script/Recipes/Random/Random.ts as cce:/internal/code-quality/cr.mjs.
23:34:30 debug: Resolve cc from file:///D:/ProgramData/cocos/workplace/Gourmet/assets/script/Recipes/Random/Random.ts as cce:/internal/x/cc.
23:34:30 debug: Resolve cc from file:///D:/ProgramData/cocos/workplace/Gourmet/assets/script/Recipes/Random/Random.ts as cce:/internal/x/cc.
23:34:30 debug: Resolve cc from file:///D:/ProgramData/cocos/workplace/Gourmet/assets/script/Recipes/Random/Random.ts as cce:/internal/x/cc.
23:34:30 debug: Resolve ../RecipesGenerate from file:///D:/ProgramData/cocos/workplace/Gourmet/assets/script/Recipes/Random/Random.ts as file:///D:/ProgramData/cocos/workplace/Gourmet/assets/script/Recipes/RecipesGenerate.ts.
23:34:30 debug: Resolve ../NavigationBar from file:///D:/ProgramData/cocos/workplace/Gourmet/assets/script/Recipes/Random/Random.ts as file:///D:/ProgramData/cocos/workplace/Gourmet/assets/script/Recipes/NavigationBar.ts.
23:34:30 debug: Resolve file:///D:/ProgramData/cocos/workplace/Gourmet/assets/script/Recipes/RecipesGenerate.ts from cce:/internal/x/prerequisite-imports as file:///D:/ProgramData/cocos/workplace/Gourmet/assets/script/Recipes/RecipesGenerate.ts.
23:34:30 debug: Resolve file:///D:/ProgramData/cocos/workplace/Gourmet/assets/script/UIStackManager.ts from cce:/internal/x/prerequisite-imports as file:///D:/ProgramData/cocos/workplace/Gourmet/assets/script/UIStackManager.ts.
23:34:30 debug: Target(editor) ends with cost 181.6875ms.
23:34:30 debug: Target(preview) build started.
23:34:30 debug: Detected change: cce:/internal/x/cc. Last mtime: Thu Jan 01 1970 08:00:08 GMT+0800 (中国标准时间), Current mtime: Thu Jan 01 1970 08:00:09 GMT+0800 (中国标准时间)
23:34:30 debug: Inspect cce:/internal/x/cc
23:34:30 debug: Resolve cce:/internal/x/cc-fu/2d from cce:/internal/x/cc as external dependency cce:/internal/x/cc-fu/2d.
23:34:30 debug: Resolve cce:/internal/x/cc-fu/sorting from cce:/internal/x/cc as external dependency cce:/internal/x/cc-fu/sorting.
23:34:30 debug: Resolve cce:/internal/x/cc-fu/animation from cce:/internal/x/cc as external dependency cce:/internal/x/cc-fu/animation.
23:34:30 debug: Resolve cce:/internal/x/cc-fu/audio from cce:/internal/x/cc as external dependency cce:/internal/x/cc-fu/audio.
23:34:30 debug: Resolve cce:/internal/x/cc-fu/base from cce:/internal/x/cc as external dependency cce:/internal/x/cc-fu/base.
23:34:30 debug: Resolve cce:/internal/x/cc-fu/dragon-bones from cce:/internal/x/cc as external dependency cce:/internal/x/cc-fu/dragon-bones.
23:34:30 debug: Resolve cce:/internal/x/cc-fu/gfx-webgl from cce:/internal/x/cc as external dependency cce:/internal/x/cc-fu/gfx-webgl.
23:34:30 debug: Resolve cce:/internal/x/cc-fu/gfx-webgl2 from cce:/internal/x/cc as external dependency cce:/internal/x/cc-fu/gfx-webgl2.
23:34:30 debug: Resolve cce:/internal/x/cc-fu/intersection-2d from cce:/internal/x/cc as external dependency cce:/internal/x/cc-fu/intersection-2d.
23:34:30 debug: Resolve cce:/internal/x/cc-fu/particle-2d from cce:/internal/x/cc as external dependency cce:/internal/x/cc-fu/particle-2d.
23:34:30 debug: Resolve cce:/internal/x/cc-fu/physics-2d-box2d from cce:/internal/x/cc as external dependency cce:/internal/x/cc-fu/physics-2d-box2d.
23:34:30 debug: Resolve cce:/internal/x/cc-fu/physics-2d-framework from cce:/internal/x/cc as external dependency cce:/internal/x/cc-fu/physics-2d-framework.
23:34:30 debug: Resolve cce:/internal/x/cc-fu/profiler from cce:/internal/x/cc as external dependency cce:/internal/x/cc-fu/profiler.
23:34:30 debug: Resolve cce:/internal/x/cc-fu/spine from cce:/internal/x/cc as external dependency cce:/internal/x/cc-fu/spine.
23:34:30 debug: Resolve cce:/internal/x/cc-fu/tiled-map from cce:/internal/x/cc as external dependency cce:/internal/x/cc-fu/tiled-map.
23:34:30 debug: Resolve cce:/internal/x/cc-fu/tween from cce:/internal/x/cc as external dependency cce:/internal/x/cc-fu/tween.
23:34:30 debug: Resolve cce:/internal/x/cc-fu/ui from cce:/internal/x/cc as external dependency cce:/internal/x/cc-fu/ui.
23:34:30 debug: Resolve cce:/internal/x/cc-fu/video from cce:/internal/x/cc as external dependency cce:/internal/x/cc-fu/video.
23:34:30 debug: Resolve cce:/internal/x/cc-fu/webview from cce:/internal/x/cc as external dependency cce:/internal/x/cc-fu/webview.
23:34:30 debug: Detected change: cce:/internal/x/prerequisite-imports. Last mtime: Thu Jan 01 1970 08:00:10 GMT+0800 (中国标准时间), Current mtime: Thu Jan 01 1970 08:00:09 GMT+0800 (中国标准时间)
23:34:30 debug: Inspect cce:/internal/x/prerequisite-imports
23:34:30 debug: Resolve file:///D:/ProgramData/cocos/editors/Creator/3.8.3/resources/resources/3d/engine/editor/assets/tools/debug-view-runtime-control.ts from cce:/internal/x/prerequisite-imports as file:///D:/ProgramData/cocos/editors/Creator/3.8.3/resources/resources/3d/engine/editor/assets/tools/debug-view-runtime-control.ts.
23:34:30 debug: Resolve cc from file:///D:/ProgramData/cocos/editors/Creator/3.8.3/resources/resources/3d/engine/editor/assets/tools/debug-view-runtime-control.ts as cce:/internal/x/cc.
23:34:30 debug: Resolve cc from file:///D:/ProgramData/cocos/editors/Creator/3.8.3/resources/resources/3d/engine/editor/assets/tools/debug-view-runtime-control.ts as cce:/internal/x/cc.
23:34:30 debug: Resolve cc from file:///D:/ProgramData/cocos/editors/Creator/3.8.3/resources/resources/3d/engine/editor/assets/tools/debug-view-runtime-control.ts as cce:/internal/x/cc.
23:34:30 debug: Resolve file:///D:/ProgramData/cocos/workplace/Gourmet/assets/script/Recipes/Home/RecipesSearch.ts from cce:/internal/x/prerequisite-imports as file:///D:/ProgramData/cocos/workplace/Gourmet/assets/script/Recipes/Home/RecipesSearch.ts.
23:34:30 debug: Resolve cce:/internal/code-quality/cr.mjs from file:///D:/ProgramData/cocos/workplace/Gourmet/assets/script/Recipes/Home/RecipesSearch.ts as cce:/internal/code-quality/cr.mjs.
23:34:30 debug: Detected change: cce:/internal/code-quality/cr.mjs. Last mtime: Thu Sep 05 2024 20:22:39 GMT+0800 (中国标准时间), Current mtime: Fri Sep 06 2024 23:34:20 GMT+0800 (中国标准时间)
23:34:30 debug: Inspect cce:/internal/code-quality/cr.mjs
23:34:30 debug: Resolve cc from file:///D:/ProgramData/cocos/workplace/Gourmet/assets/script/Recipes/Home/RecipesSearch.ts as cce:/internal/x/cc.
23:34:30 debug: Resolve cc from file:///D:/ProgramData/cocos/workplace/Gourmet/assets/script/Recipes/Home/RecipesSearch.ts as cce:/internal/x/cc.
23:34:30 debug: Resolve cc from file:///D:/ProgramData/cocos/workplace/Gourmet/assets/script/Recipes/Home/RecipesSearch.ts as cce:/internal/x/cc.
23:34:30 debug: Resolve ../RecipesGenerate from file:///D:/ProgramData/cocos/workplace/Gourmet/assets/script/Recipes/Home/RecipesSearch.ts as file:///D:/ProgramData/cocos/workplace/Gourmet/assets/script/Recipes/RecipesGenerate.ts.
23:34:30 debug: Resolve cce:/internal/code-quality/cr.mjs from file:///D:/ProgramData/cocos/workplace/Gourmet/assets/script/Recipes/RecipesGenerate.ts as cce:/internal/code-quality/cr.mjs.
23:34:30 debug: Resolve cc from file:///D:/ProgramData/cocos/workplace/Gourmet/assets/script/Recipes/RecipesGenerate.ts as cce:/internal/x/cc.
23:34:30 debug: Resolve cc from file:///D:/ProgramData/cocos/workplace/Gourmet/assets/script/Recipes/RecipesGenerate.ts as cce:/internal/x/cc.
23:34:30 debug: Resolve cc from file:///D:/ProgramData/cocos/workplace/Gourmet/assets/script/Recipes/RecipesGenerate.ts as cce:/internal/x/cc.
23:34:30 debug: Resolve ./NavigationBar from file:///D:/ProgramData/cocos/workplace/Gourmet/assets/script/Recipes/RecipesGenerate.ts as file:///D:/ProgramData/cocos/workplace/Gourmet/assets/script/Recipes/NavigationBar.ts.
23:34:30 debug: Resolve cce:/internal/code-quality/cr.mjs from file:///D:/ProgramData/cocos/workplace/Gourmet/assets/script/Recipes/NavigationBar.ts as cce:/internal/code-quality/cr.mjs.
23:34:30 debug: Resolve cc from file:///D:/ProgramData/cocos/workplace/Gourmet/assets/script/Recipes/NavigationBar.ts as cce:/internal/x/cc.
23:34:30 debug: Resolve cc from file:///D:/ProgramData/cocos/workplace/Gourmet/assets/script/Recipes/NavigationBar.ts as cce:/internal/x/cc.
23:34:30 debug: Resolve cc from file:///D:/ProgramData/cocos/workplace/Gourmet/assets/script/Recipes/NavigationBar.ts as cce:/internal/x/cc.
23:34:30 debug: Resolve ../UIStackManager from file:///D:/ProgramData/cocos/workplace/Gourmet/assets/script/Recipes/NavigationBar.ts as file:///D:/ProgramData/cocos/workplace/Gourmet/assets/script/UIStackManager.ts.
23:34:30 debug: Resolve cc from file:///D:/ProgramData/cocos/workplace/Gourmet/assets/script/UIStackManager.ts as cce:/internal/x/cc.
23:34:30 debug: Resolve cc from file:///D:/ProgramData/cocos/workplace/Gourmet/assets/script/UIStackManager.ts as cce:/internal/x/cc.
23:34:30 debug: Resolve cc from file:///D:/ProgramData/cocos/workplace/Gourmet/assets/script/UIStackManager.ts as cce:/internal/x/cc.
23:34:30 debug: Resolve file:///D:/ProgramData/cocos/workplace/Gourmet/assets/script/Recipes/IngredientSearch/IngredientSearch.ts from cce:/internal/x/prerequisite-imports as file:///D:/ProgramData/cocos/workplace/Gourmet/assets/script/Recipes/IngredientSearch/IngredientSearch.ts.
23:34:30 debug: Resolve cce:/internal/code-quality/cr.mjs from file:///D:/ProgramData/cocos/workplace/Gourmet/assets/script/Recipes/IngredientSearch/IngredientSearch.ts as cce:/internal/code-quality/cr.mjs.
23:34:30 debug: Resolve cc from file:///D:/ProgramData/cocos/workplace/Gourmet/assets/script/Recipes/IngredientSearch/IngredientSearch.ts as cce:/internal/x/cc.
23:34:30 debug: Resolve cc from file:///D:/ProgramData/cocos/workplace/Gourmet/assets/script/Recipes/IngredientSearch/IngredientSearch.ts as cce:/internal/x/cc.
23:34:30 debug: Resolve cc from file:///D:/ProgramData/cocos/workplace/Gourmet/assets/script/Recipes/IngredientSearch/IngredientSearch.ts as cce:/internal/x/cc.
23:34:30 debug: Resolve ../RecipesGenerate from file:///D:/ProgramData/cocos/workplace/Gourmet/assets/script/Recipes/IngredientSearch/IngredientSearch.ts as file:///D:/ProgramData/cocos/workplace/Gourmet/assets/script/Recipes/RecipesGenerate.ts.
23:34:30 debug: Resolve ../NavigationBar from file:///D:/ProgramData/cocos/workplace/Gourmet/assets/script/Recipes/IngredientSearch/IngredientSearch.ts as file:///D:/ProgramData/cocos/workplace/Gourmet/assets/script/Recipes/NavigationBar.ts.
23:34:30 debug: Resolve file:///D:/ProgramData/cocos/workplace/Gourmet/assets/script/Recipes/NavigationBar.ts from cce:/internal/x/prerequisite-imports as file:///D:/ProgramData/cocos/workplace/Gourmet/assets/script/Recipes/NavigationBar.ts.
23:34:30 debug: Resolve file:///D:/ProgramData/cocos/workplace/Gourmet/assets/script/Recipes/Random/Random.ts from cce:/internal/x/prerequisite-imports as file:///D:/ProgramData/cocos/workplace/Gourmet/assets/script/Recipes/Random/Random.ts.
23:34:30 debug: Resolve cce:/internal/code-quality/cr.mjs from file:///D:/ProgramData/cocos/workplace/Gourmet/assets/script/Recipes/Random/Random.ts as cce:/internal/code-quality/cr.mjs.
23:34:30 debug: Resolve cc from file:///D:/ProgramData/cocos/workplace/Gourmet/assets/script/Recipes/Random/Random.ts as cce:/internal/x/cc.
23:34:30 debug: Resolve cc from file:///D:/ProgramData/cocos/workplace/Gourmet/assets/script/Recipes/Random/Random.ts as cce:/internal/x/cc.
23:34:30 debug: Resolve cc from file:///D:/ProgramData/cocos/workplace/Gourmet/assets/script/Recipes/Random/Random.ts as cce:/internal/x/cc.
23:34:30 debug: Resolve ../RecipesGenerate from file:///D:/ProgramData/cocos/workplace/Gourmet/assets/script/Recipes/Random/Random.ts as file:///D:/ProgramData/cocos/workplace/Gourmet/assets/script/Recipes/RecipesGenerate.ts.
23:34:30 debug: Resolve ../NavigationBar from file:///D:/ProgramData/cocos/workplace/Gourmet/assets/script/Recipes/Random/Random.ts as file:///D:/ProgramData/cocos/workplace/Gourmet/assets/script/Recipes/NavigationBar.ts.
23:34:30 debug: Resolve file:///D:/ProgramData/cocos/workplace/Gourmet/assets/script/Recipes/RecipesGenerate.ts from cce:/internal/x/prerequisite-imports as file:///D:/ProgramData/cocos/workplace/Gourmet/assets/script/Recipes/RecipesGenerate.ts.
23:34:30 debug: Resolve file:///D:/ProgramData/cocos/workplace/Gourmet/assets/script/UIStackManager.ts from cce:/internal/x/prerequisite-imports as file:///D:/ProgramData/cocos/workplace/Gourmet/assets/script/UIStackManager.ts.
23:34:30 debug: Target(preview) ends with cost 134.92079997062683ms.
23:34:31 debug: Pulling asset-db.
23:34:31 debug: Fetch asset-db cost: 821.5574000477791ms.
23:34:31 debug: Build iteration starts.
Number of accumulated asset changes: 7
Feature changed: false
23:34:31 debug: Target(editor) build started.
23:34:31 debug: Detected change: cce:/internal/x/prerequisite-imports. Last mtime: Thu Jan 01 1970 08:00:09 GMT+0800 (中国标准时间), Current mtime: Thu Jan 01 1970 08:00:11 GMT+0800 (中国标准时间)
23:34:31 debug: Inspect cce:/internal/x/prerequisite-imports
23:34:31 debug: Resolve file:///D:/ProgramData/cocos/editors/Creator/3.8.3/resources/resources/3d/engine/editor/assets/tools/debug-view-runtime-control.ts from cce:/internal/x/prerequisite-imports as file:///D:/ProgramData/cocos/editors/Creator/3.8.3/resources/resources/3d/engine/editor/assets/tools/debug-view-runtime-control.ts.
23:34:31 debug: Resolve file:///D:/ProgramData/cocos/workplace/Gourmet/assets/script/Recipes/Home/RecipesSearch.ts from cce:/internal/x/prerequisite-imports as file:///D:/ProgramData/cocos/workplace/Gourmet/assets/script/Recipes/Home/RecipesSearch.ts.
23:34:31 debug: Resolve file:///D:/ProgramData/cocos/workplace/Gourmet/assets/script/Recipes/IngredientSearch/IngredientSearch.ts from cce:/internal/x/prerequisite-imports as file:///D:/ProgramData/cocos/workplace/Gourmet/assets/script/Recipes/IngredientSearch/IngredientSearch.ts.
23:34:31 debug: Resolve file:///D:/ProgramData/cocos/workplace/Gourmet/assets/script/Recipes/NavigationBar.ts from cce:/internal/x/prerequisite-imports as file:///D:/ProgramData/cocos/workplace/Gourmet/assets/script/Recipes/NavigationBar.ts.
23:34:31 debug: Resolve file:///D:/ProgramData/cocos/workplace/Gourmet/assets/script/Recipes/Random/Random.ts from cce:/internal/x/prerequisite-imports as file:///D:/ProgramData/cocos/workplace/Gourmet/assets/script/Recipes/Random/Random.ts.
23:34:31 debug: Resolve file:///D:/ProgramData/cocos/workplace/Gourmet/assets/script/Recipes/RecipesGenerate.ts from cce:/internal/x/prerequisite-imports as file:///D:/ProgramData/cocos/workplace/Gourmet/assets/script/Recipes/RecipesGenerate.ts.
23:34:31 debug: Resolve file:///D:/ProgramData/cocos/workplace/Gourmet/assets/script/UIStackManager.ts from cce:/internal/x/prerequisite-imports as file:///D:/ProgramData/cocos/workplace/Gourmet/assets/script/UIStackManager.ts.
23:34:31 debug: Target(editor) ends with cost 65.93470001220703ms.
23:34:31 debug: Target(preview) build started.
23:34:31 debug: Detected change: cce:/internal/x/prerequisite-imports. Last mtime: Thu Jan 01 1970 08:00:09 GMT+0800 (中国标准时间), Current mtime: Thu Jan 01 1970 08:00:11 GMT+0800 (中国标准时间)
23:34:31 debug: Inspect cce:/internal/x/prerequisite-imports
23:34:31 debug: Resolve file:///D:/ProgramData/cocos/editors/Creator/3.8.3/resources/resources/3d/engine/editor/assets/tools/debug-view-runtime-control.ts from cce:/internal/x/prerequisite-imports as file:///D:/ProgramData/cocos/editors/Creator/3.8.3/resources/resources/3d/engine/editor/assets/tools/debug-view-runtime-control.ts.
23:34:31 debug: Resolve file:///D:/ProgramData/cocos/workplace/Gourmet/assets/script/Recipes/Home/RecipesSearch.ts from cce:/internal/x/prerequisite-imports as file:///D:/ProgramData/cocos/workplace/Gourmet/assets/script/Recipes/Home/RecipesSearch.ts.
23:34:31 debug: Resolve file:///D:/ProgramData/cocos/workplace/Gourmet/assets/script/Recipes/IngredientSearch/IngredientSearch.ts from cce:/internal/x/prerequisite-imports as file:///D:/ProgramData/cocos/workplace/Gourmet/assets/script/Recipes/IngredientSearch/IngredientSearch.ts.
23:34:31 debug: Resolve file:///D:/ProgramData/cocos/workplace/Gourmet/assets/script/Recipes/NavigationBar.ts from cce:/internal/x/prerequisite-imports as file:///D:/ProgramData/cocos/workplace/Gourmet/assets/script/Recipes/NavigationBar.ts.
23:34:31 debug: Resolve file:///D:/ProgramData/cocos/workplace/Gourmet/assets/script/Recipes/Random/Random.ts from cce:/internal/x/prerequisite-imports as file:///D:/ProgramData/cocos/workplace/Gourmet/assets/script/Recipes/Random/Random.ts.
23:34:31 debug: Resolve file:///D:/ProgramData/cocos/workplace/Gourmet/assets/script/Recipes/RecipesGenerate.ts from cce:/internal/x/prerequisite-imports as file:///D:/ProgramData/cocos/workplace/Gourmet/assets/script/Recipes/RecipesGenerate.ts.
23:34:31 debug: Resolve file:///D:/ProgramData/cocos/workplace/Gourmet/assets/script/UIStackManager.ts from cce:/internal/x/prerequisite-imports as file:///D:/ProgramData/cocos/workplace/Gourmet/assets/script/UIStackManager.ts.
23:34:32 debug: Target(preview) ends with cost 52.5304000377655ms.
